<?xml version="1.0" encoding="UTF-8"?>
<robot generator="Robot 7.2.2 (Python 3.10.0 on win32)" generated="2025-06-01T00:31:25.235499" rpa="false" schemaversion="5">
<suite id="s1" name="Login-Test" source="C:\GLOBAL_HITSS\Prj-automacao-teste_01\suite_tests\login-test.robot">
<test id="s1-t1" name="CT-1: Logar com sucesso no HOT" line="10">
<kw name="DADO que usuario que acessa o site do HOT" owner="login-resource">
<kw name="Open Browser" owner="SeleniumLibrary">
<msg time="2025-06-01T00:31:25.889832" level="INFO">Opening browser 'Chrome' to base url 'https://hotcorphml.globalhitss.com.br/login/'.</msg>
<arg>${site_test}</arg>
<arg>Chrome</arg>
<doc>Opens a new browser instance to the optional ``url``.</doc>
<status status="PASS" start="2025-06-01T00:31:25.889832" elapsed="5.569520"/>
</kw>
<status status="PASS" start="2025-06-01T00:31:25.889832" elapsed="5.569520"/>
</kw>
<kw name="QUANDO informa email válido" owner="login-resource">
<kw name="Wait Until Element Is Visible" owner="SeleniumLibrary">
<arg>${field_email}</arg>
<doc>Waits until the element ``locator`` is visible.</doc>
<status status="PASS" start="2025-06-01T00:31:31.466351" elapsed="0.087647"/>
</kw>
<kw name="Click Element" owner="SeleniumLibrary">
<msg time="2025-06-01T00:31:31.554999" level="INFO">Clicking element 'name:username'.</msg>
<arg>${field_email}</arg>
<doc>Click the element identified by ``locator``.</doc>
<status status="PASS" start="2025-06-01T00:31:31.554999" elapsed="0.285521"/>
</kw>
<kw name="Input Text" owner="SeleniumLibrary">
<msg time="2025-06-01T00:31:31.845540" level="INFO">Typing text 'viviana.guimaraes@globalhitss.com.br' into text field 'name:username'.</msg>
<arg>${field_email}</arg>
<arg>${email}</arg>
<doc>Types the given ``text`` into the text field identified by ``locator``.</doc>
<status status="PASS" start="2025-06-01T00:31:31.844360" elapsed="0.450711"/>
</kw>
<kw name="Sleep" owner="BuiltIn">
<msg time="2025-06-01T00:31:42.310634" level="INFO">Slept 10 seconds.</msg>
<arg>10s</arg>
<doc>Pauses the test executed for the given time.</doc>
<status status="PASS" start="2025-06-01T00:31:32.295071" elapsed="10.015563"/>
</kw>
<status status="PASS" start="2025-06-01T00:31:31.464350" elapsed="10.846284"/>
</kw>
<kw name="E informa senha válida" owner="login-resource">
<kw name="Click Element" owner="SeleniumLibrary">
<msg time="2025-06-01T00:31:42.310634" level="INFO">Clicking element 'name:password'.</msg>
<arg>${field_senha}</arg>
<doc>Click the element identified by ``locator``.</doc>
<status status="PASS" start="2025-06-01T00:31:42.310634" elapsed="0.250031"/>
</kw>
<kw name="Input Text" owner="SeleniumLibrary">
<msg time="2025-06-01T00:31:42.560665" level="INFO">Typing text 'Mudar@2025' into text field 'name:password'.</msg>
<arg>${field_senha}</arg>
<arg>${senha}</arg>
<doc>Types the given ``text`` into the text field identified by ``locator``.</doc>
<status status="PASS" start="2025-06-01T00:31:42.560665" elapsed="0.295166"/>
</kw>
<kw name="Capture Page Screenshot" owner="SeleniumLibrary">
<msg time="2025-06-01T00:31:43.120216" level="INFO" html="true">&lt;/td&gt;&lt;/tr&gt;&lt;tr&gt;&lt;td colspan="3"&gt;&lt;a href="selenium-screenshot-1.png"&gt;&lt;img src="selenium-screenshot-1.png" width="800px"&gt;&lt;/a&gt;</msg>
<doc>Takes a screenshot of the current page and embeds it into a log file.</doc>
<status status="PASS" start="2025-06-01T00:31:42.871455" elapsed="0.248761"/>
</kw>
<status status="PASS" start="2025-06-01T00:31:42.310634" elapsed="0.809582"/>
</kw>
<kw name="E clica na funcionalidade Entrar" owner="login-resource">
<kw name="Wait Until Element Contains" owner="SeleniumLibrary">
<arg>${button_entrar}</arg>
<arg>Entrar</arg>
<doc>Waits until the element ``locator`` contains ``text``.</doc>
<status status="PASS" start="2025-06-01T00:31:43.124212" elapsed="0.117431"/>
</kw>
<kw name="Click Element" owner="SeleniumLibrary">
<msg time="2025-06-01T00:31:43.242643" level="INFO">Clicking element 'id:login_submit'.</msg>
<arg>${button_entrar}</arg>
<doc>Click the element identified by ``locator``.</doc>
<status status="PASS" start="2025-06-01T00:31:43.241643" elapsed="1.955899"/>
</kw>
<kw name="Wait Until Element Contains" owner="SeleniumLibrary">
<arg>${popup_aviso}</arg>
<arg>Aviso</arg>
<doc>Waits until the element ``locator`` contains ``text``.</doc>
<status status="PASS" start="2025-06-01T00:31:45.197542" elapsed="0.297457"/>
</kw>
<kw name="Sleep" owner="BuiltIn">
<msg time="2025-06-01T00:31:50.507542" level="INFO">Slept 5 seconds.</msg>
<arg>5s</arg>
<doc>Pauses the test executed for the given time.</doc>
<status status="PASS" start="2025-06-01T00:31:45.495998" elapsed="5.011544"/>
</kw>
<kw name="Capture Page Screenshot" owner="SeleniumLibrary">
<msg time="2025-06-01T00:31:50.616186" level="INFO" html="true">&lt;/td&gt;&lt;/tr&gt;&lt;tr&gt;&lt;td colspan="3"&gt;&lt;a href="selenium-screenshot-2.png"&gt;&lt;img src="selenium-screenshot-2.png" width="800px"&gt;&lt;/a&gt;</msg>
<doc>Takes a screenshot of the current page and embeds it into a log file.</doc>
<status status="PASS" start="2025-06-01T00:31:50.507542" elapsed="0.109644"/>
</kw>
<status status="PASS" start="2025-06-01T00:31:43.123214" elapsed="7.493972"/>
</kw>
<status status="PASS" start="2025-06-01T00:31:25.889832" elapsed="24.728353"/>
</test>
<status status="PASS" start="2025-06-01T00:31:25.235499" elapsed="25.384504"/>
</suite>
<statistics>
<total>
<stat pass="1" fail="0" skip="0">All Tests</stat>
</total>
<tag>
</tag>
<suite>
<stat name="Login-Test" id="s1" pass="1" fail="0" skip="0">Login-Test</stat>
</suite>
</statistics>
<errors>
</errors>
</robot>
