<?xml version="1.0" encoding="UTF-8"?>
<robot generator="Robot 7.2.2 (Python 3.10.0 on win32)" generated="2025-05-27T01:29:30.078761" rpa="false" schemaversion="5">
<suite id="s1" name="Tests" source="C:\GLOBAL_HITSS\Prj-automacao-teste_01\tests">
<suite id="s1-s1" name="Google" source="C:\GLOBAL_HITSS\Prj-automacao-teste_01\tests\google.robot">
<test id="s1-s1-t1" name="CT-1: Logar com sucesso no GOOGLE" line="9">
<kw name="DADO que usuario que acessa o site do GOOGLE" owner="google-resource">
<kw name="Open Browser" owner="SeleniumLibrary">
<msg time="2025-05-27T01:29:30.826390" level="INFO">Opening browser 'Chrome' to base url 'https://google.com.br'.</msg>
<arg>${site_google}</arg>
<arg>Chrome</arg>
<doc>Opens a new browser instance to the optional ``url``.</doc>
<status status="PASS" start="2025-05-27T01:29:30.826390" elapsed="3.965129"/>
</kw>
<kw name="Maximize Browser Window" owner="SeleniumLibrary">
<doc>Maximizes current browser window.</doc>
<status status="PASS" start="2025-05-27T01:29:34.791519" elapsed="1.488284"/>
</kw>
<kw name="Sleep" owner="BuiltIn">
<msg time="2025-05-27T01:29:41.287969" level="INFO">Slept 5 seconds.</msg>
<arg>5s</arg>
<doc>Pauses the test executed for the given time.</doc>
<status status="PASS" start="2025-05-27T01:29:36.281831" elapsed="5.006138"/>
</kw>
<status status="PASS" start="2025-05-27T01:29:30.826390" elapsed="10.461579"/>
</kw>
<status status="PASS" start="2025-05-27T01:29:30.826390" elapsed="10.461579"/>
</test>
<status status="PASS" start="2025-05-27T01:29:30.140726" elapsed="11.147243"/>
</suite>
<suite id="s1-s2" name="Login-Test" source="C:\GLOBAL_HITSS\Prj-automacao-teste_01\tests\login-test.robot">
<test id="s1-s2-t1" name="CT-1: Logar com sucesso no HOT" line="9">
<kw name="DADO que usuario que acessa o site do HOT" owner="login-resource">
<kw name="Open Browser" owner="SeleniumLibrary">
<msg time="2025-05-27T01:29:41.338854" level="INFO">Opening browser 'Chrome' to base url 'https://hotcorphml.globalhitss.com.br/login/'.</msg>
<arg>${site_test}</arg>
<arg>Chrome</arg>
<doc>Opens a new browser instance to the optional ``url``.</doc>
<status status="PASS" start="2025-05-27T01:29:41.338854" elapsed="13.293396"/>
</kw>
<status status="PASS" start="2025-05-27T01:29:41.338854" elapsed="13.293396"/>
</kw>
<kw name="QUANDO informa email válido" owner="login-resource">
<kw name="Wait Until Element Is Visible" owner="SeleniumLibrary">
<arg>${field_email}</arg>
<doc>Waits until the element ``locator`` is visible.</doc>
<status status="PASS" start="2025-05-27T01:29:54.644669" elapsed="0.348323"/>
</kw>
<kw name="Click Element" owner="SeleniumLibrary">
<msg time="2025-05-27T01:29:54.992992" level="INFO">Clicking element 'name:username'.</msg>
<arg>${field_email}</arg>
<doc>Click the element identified by ``locator``.</doc>
<status status="PASS" start="2025-05-27T01:29:54.992992" elapsed="0.482897"/>
</kw>
<kw name="Input Text" owner="SeleniumLibrary">
<msg time="2025-05-27T01:29:55.491510" level="INFO">Typing text 'viviana.guimaraes@globalhitss.com.br' into text field 'name:username'.</msg>
<arg>${field_email}</arg>
<arg>${email}</arg>
<doc>Types the given ``text`` into the text field identified by ``locator``.</doc>
<status status="PASS" start="2025-05-27T01:29:55.491510" elapsed="0.543069"/>
</kw>
<kw name="Sleep" owner="BuiltIn">
<msg time="2025-05-27T01:30:06.035723" level="INFO">Slept 10 seconds.</msg>
<arg>10s</arg>
<doc>Pauses the test executed for the given time.</doc>
<status status="PASS" start="2025-05-27T01:29:56.034579" elapsed="10.001144"/>
</kw>
<status status="PASS" start="2025-05-27T01:29:54.643670" elapsed="11.392053"/>
</kw>
<kw name="E informa senha válida" owner="login-resource">
<kw name="Click Element" owner="SeleniumLibrary">
<msg time="2025-05-27T01:30:06.035723" level="INFO">Clicking element 'name:password'.</msg>
<arg>${field_senha}</arg>
<doc>Click the element identified by ``locator``.</doc>
<status status="PASS" start="2025-05-27T01:30:06.035723" elapsed="0.239092"/>
</kw>
<kw name="Input Text" owner="SeleniumLibrary">
<msg time="2025-05-27T01:30:06.276814" level="INFO">Typing text 'Mudar@2025' into text field 'name:password'.</msg>
<arg>${field_senha}</arg>
<arg>${senha}</arg>
<doc>Types the given ``text`` into the text field identified by ``locator``.</doc>
<status status="PASS" start="2025-05-27T01:30:06.275815" elapsed="0.193046"/>
</kw>
<kw name="Capture Page Screenshot" owner="SeleniumLibrary">
<msg time="2025-05-27T01:30:06.854915" level="INFO" html="true">&lt;/td&gt;&lt;/tr&gt;&lt;tr&gt;&lt;td colspan="3"&gt;&lt;a href="selenium-screenshot-7.png"&gt;&lt;img src="selenium-screenshot-7.png" width="800px"&gt;&lt;/a&gt;</msg>
<doc>Takes a screenshot of the current page and embeds it into a log file.</doc>
<status status="PASS" start="2025-05-27T01:30:06.468861" elapsed="0.387053"/>
</kw>
<status status="PASS" start="2025-05-27T01:30:06.035723" elapsed="0.820191"/>
</kw>
<kw name="E clica na funcionalidade Entrar" owner="login-resource">
<kw name="Wait Until Element Contains" owner="SeleniumLibrary">
<arg>${button_entrar}</arg>
<arg>Entrar</arg>
<doc>Waits until the element ``locator`` contains ``text``.</doc>
<status status="PASS" start="2025-05-27T01:30:06.856914" elapsed="0.102319"/>
</kw>
<kw name="Click Element" owner="SeleniumLibrary">
<msg time="2025-05-27T01:30:06.959233" level="INFO">Clicking element 'id:login_submit'.</msg>
<arg>${button_entrar}</arg>
<doc>Click the element identified by ``locator``.</doc>
<status status="PASS" start="2025-05-27T01:30:06.959233" elapsed="10.795286"/>
</kw>
<kw name="Wait Until Element Contains" owner="SeleniumLibrary">
<arg>${popup_aviso}</arg>
<arg>Aviso</arg>
<doc>Waits until the element ``locator`` contains ``text``.</doc>
<status status="PASS" start="2025-05-27T01:30:17.754519" elapsed="0.264377"/>
</kw>
<kw name="Sleep" owner="BuiltIn">
<msg time="2025-05-27T01:30:23.032482" level="INFO">Slept 5 seconds.</msg>
<arg>5s</arg>
<doc>Pauses the test executed for the given time.</doc>
<status status="PASS" start="2025-05-27T01:30:18.018896" elapsed="5.013586"/>
</kw>
<kw name="Capture Page Screenshot" owner="SeleniumLibrary">
<msg time="2025-05-27T01:30:23.134255" level="INFO" html="true">&lt;/td&gt;&lt;/tr&gt;&lt;tr&gt;&lt;td colspan="3"&gt;&lt;a href="selenium-screenshot-8.png"&gt;&lt;img src="selenium-screenshot-8.png" width="800px"&gt;&lt;/a&gt;</msg>
<doc>Takes a screenshot of the current page and embeds it into a log file.</doc>
<status status="PASS" start="2025-05-27T01:30:23.032482" elapsed="0.102774"/>
</kw>
<status status="PASS" start="2025-05-27T01:30:06.856914" elapsed="16.278342"/>
</kw>
<status status="PASS" start="2025-05-27T01:29:41.330486" elapsed="41.805766"/>
</test>
<status status="PASS" start="2025-05-27T01:29:41.287969" elapsed="41.849285"/>
</suite>
<status status="PASS" start="2025-05-27T01:29:30.084758" elapsed="53.055492"/>
</suite>
<statistics>
<total>
<stat pass="2" fail="0" skip="0">All Tests</stat>
</total>
<tag>
</tag>
<suite>
<stat name="Tests" id="s1" pass="2" fail="0" skip="0">Tests</stat>
<stat name="Google" id="s1-s1" pass="1" fail="0" skip="0">Tests.Google</stat>
<stat name="Login-Test" id="s1-s2" pass="1" fail="0" skip="0">Tests.Login-Test</stat>
</suite>
</statistics>
<errors>
<msg time="2025-05-27T01:29:30.043024" level="WARN">Error in file 'C:\GLOBAL_HITSS\Prj-automacao-teste_01\tests\google.robot' on line 1: Singular section headers like '*** Setting ***' are deprecated. Use plural format like '*** Settings ***' instead.</msg>
<msg time="2025-05-27T01:29:30.058653" level="WARN">Error in file 'C:\GLOBAL_HITSS\Prj-automacao-teste_01\tests\login-test.robot' on line 1: Singular section headers like '*** Setting ***' are deprecated. Use plural format like '*** Settings ***' instead.</msg>
<msg time="2025-05-27T01:29:30.149725" level="WARN">Error in file 'C:\GLOBAL_HITSS\Prj-automacao-teste_01\Resources\google-resource.robot' on line 1: Singular section headers like '*** Setting ***' are deprecated. Use plural format like '*** Settings ***' instead.</msg>
<msg time="2025-05-27T01:29:30.161760" level="WARN">Error in file 'C:\GLOBAL_HITSS\Prj-automacao-teste_01\Resources\Library-suites.robot' on line 1: Singular section headers like '*** Setting ***' are deprecated. Use plural format like '*** Settings ***' instead.</msg>
<msg time="2025-05-27T01:29:41.321788" level="WARN">Error in file 'C:\GLOBAL_HITSS\Prj-automacao-teste_01\Resources\login-resource.robot' on line 1: Singular section headers like '*** Setting ***' are deprecated. Use plural format like '*** Settings ***' instead.</msg>
</errors>
</robot>
