<?xml version="1.0" encoding="UTF-8"?>
<robot generator="Robot 7.0.1 (Python 3.9.13 on win32)" generated="2025-05-09T23:46:16.608568" rpa="false" schemaversion="5">
<suite id="s1" name="Login-Test" source="C:\BP-WEB\tests\login-test.robot">
<test id="s1-t1" name="Cenário 1: Teste abrir navegador" line="24">
<kw name="abrir site do google">
<kw name="Open Browser" owner="SeleniumLibrary">
<msg time="2025-05-09T23:46:16.938116" level="INFO">Opening browser 'Chrome' to base url 'https://demoqa.com/automation-practice-form'.</msg>
<arg>${site_test}</arg>
<arg>Chrome</arg>
<doc>Opens a new browser instance to the optional ``url``.</doc>
<status status="PASS" start="2025-05-09T23:46:16.922485" elapsed="12.554828"/>
</kw>
<status status="PASS" start="2025-05-09T23:46:16.922485" elapsed="12.554828"/>
</kw>
<kw name="preencher primeiro nome">
<kw name="Sleep" owner="BuiltIn">
<msg time="2025-05-09T23:46:39.481042" level="INFO">Slept 10 seconds.</msg>
<arg>10s</arg>
<doc>Pauses the test executed for the given time.</doc>
<status status="PASS" start="2025-05-09T23:46:29.478322" elapsed="10.002720"/>
</kw>
<status status="PASS" start="2025-05-09T23:46:29.478322" elapsed="10.002720"/>
</kw>
<status status="PASS" start="2025-05-09T23:46:16.922485" elapsed="22.558557"/>
</test>
<status status="PASS" start="2025-05-09T23:46:16.608568" elapsed="22.872474"/>
</suite>
<statistics>
<total>
<stat pass="1" fail="0" skip="0">All Tests</stat>
</total>
<tag>
</tag>
<suite>
<stat pass="1" fail="0" skip="0" id="s1" name="Login-Test">Login-Test</stat>
</suite>
</statistics>
<errors>
</errors>
</robot>
