<?xml version="1.0" encoding="UTF-8"?>
<robot generator="Robot 7.0.1 (Python 3.9.13 on win32)" generated="2025-05-19T21:36:22.135238" rpa="false" schemaversion="5">
<suite id="s1" name="Login-Test" source="C:\BP-WEB\tests\login-test.robot">
<test id="s1-t1" name="CT-1: Logar com sucesso no HOT" line="26">
<kw name="DADO que usuario que acessa o site do HOT" owner="Login-keywords">
<kw name="Open Browser" owner="SeleniumLibrary">
<msg time="2025-05-19T21:36:22.461752" level="INFO">Opening browser 'Chrome' to base url 'https://hotcorphml.globalhitss.com.br/login/'.</msg>
<arg>${site_test}</arg>
<arg>Chrome</arg>
<doc>Opens a new browser instance to the optional ``url``.</doc>
<status status="PASS" start="2025-05-19T21:36:22.461752" elapsed="19.514627"/>
</kw>
<status status="PASS" start="2025-05-19T21:36:22.460705" elapsed="19.515887"/>
</kw>
<kw name="QUANDO informa email válido" owner="Login-keywords">
<kw name="Click Element" owner="SeleniumLibrary">
<msg time="2025-05-19T21:36:41.977678" level="INFO">Clicking element 'name:username'.</msg>
<arg>${field_email}</arg>
<doc>Click the element identified by ``locator``.</doc>
<status status="PASS" start="2025-05-19T21:36:41.976592" elapsed="0.078494"/>
</kw>
<kw name="Input Text" owner="SeleniumLibrary">
<msg time="2025-05-19T21:36:42.056094" level="INFO">Typing text 'viviana.guimaraes@globalhitss.com.br' into text field 'name:username'.</msg>
<arg>${field_email}</arg>
<arg>${email}</arg>
<doc>Types the given ``text`` into the text field identified by ``locator``.</doc>
<status status="PASS" start="2025-05-19T21:36:42.056094" elapsed="0.088174"/>
</kw>
<kw name="Sleep" owner="BuiltIn">
<msg time="2025-05-19T21:36:52.148696" level="INFO">Slept 10 seconds.</msg>
<arg>10s</arg>
<doc>Pauses the test executed for the given time.</doc>
<status status="PASS" start="2025-05-19T21:36:42.144268" elapsed="10.005192"/>
</kw>
<status status="PASS" start="2025-05-19T21:36:41.976592" elapsed="10.173110"/>
</kw>
<kw name="E informa senha válida" owner="Login-keywords">
<kw name="Click Element" owner="SeleniumLibrary">
<msg time="2025-05-19T21:36:52.149702" level="INFO">Clicking element 'name:password'.</msg>
<arg>${field_senha}</arg>
<doc>Click the element identified by ``locator``.</doc>
<status status="PASS" start="2025-05-19T21:36:52.149702" elapsed="0.079204"/>
</kw>
<kw name="Input Text" owner="SeleniumLibrary">
<msg time="2025-05-19T21:36:52.230249" level="INFO">Typing text 'Mudar@2025' into text field 'name:password'.</msg>
<arg>${field_senha}</arg>
<arg>${senha}</arg>
<doc>Types the given ``text`` into the text field identified by ``locator``.</doc>
<status status="PASS" start="2025-05-19T21:36:52.230249" elapsed="0.049793"/>
</kw>
<status status="PASS" start="2025-05-19T21:36:52.149702" elapsed="0.130340"/>
</kw>
<kw name="E clica na funcionalidade Entrar" owner="Login-keywords">
<kw name="Wait Until Element Contains" owner="SeleniumLibrary">
<arg>${button_entrar}</arg>
<arg>Entrar</arg>
<doc>Waits until the element ``locator`` contains ``text``.</doc>
<status status="PASS" start="2025-05-19T21:36:52.281294" elapsed="0.018517"/>
</kw>
<kw name="Click Element" owner="SeleniumLibrary">
<msg time="2025-05-19T21:36:52.299811" level="INFO">Clicking element 'id:login_submit'.</msg>
<arg>${button_entrar}</arg>
<doc>Click the element identified by ``locator``.</doc>
<status status="PASS" start="2025-05-19T21:36:52.299811" elapsed="4.654525"/>
</kw>
<kw name="Capture Page Screenshot" owner="SeleniumLibrary">
<msg time="2025-05-19T21:36:57.064233" level="INFO" html="true">&lt;/td&gt;&lt;/tr&gt;&lt;tr&gt;&lt;td colspan="3"&gt;&lt;a href="../results/selenium-screenshot-1.png"&gt;&lt;img src="../results/selenium-screenshot-1.png" width="800px"&gt;&lt;/a&gt;</msg>
<arg>${OUTPUTDIR}/selenium-screenshot-1.png</arg>
<doc>Takes a screenshot of the current page and embeds it into a log file.</doc>
<status status="PASS" start="2025-05-19T21:36:56.954336" elapsed="0.109897"/>
</kw>
<kw name="Wait Until Element Contains" owner="SeleniumLibrary">
<arg>${popup_aviso}</arg>
<arg>Aviso</arg>
<doc>Waits until the element ``locator`` contains ``text``.</doc>
<status status="PASS" start="2025-05-19T21:36:57.064233" elapsed="0.249466"/>
</kw>
<kw name="Click Element" owner="SeleniumLibrary">
<msg time="2025-05-19T21:36:57.313699" level="INFO">Clicking element 'xpath=//button[text()='OK']'.</msg>
<arg>${aviso_ok}</arg>
<doc>Click the element identified by ``locator``.</doc>
<status status="PASS" start="2025-05-19T21:36:57.313699" elapsed="0.049813"/>
</kw>
<kw name="Capture Page Screenshot" owner="SeleniumLibrary">
<msg time="2025-05-19T21:36:57.483378" level="INFO" html="true">&lt;/td&gt;&lt;/tr&gt;&lt;tr&gt;&lt;td colspan="3"&gt;&lt;a href="selenium-screenshot-5.png"&gt;&lt;img src="selenium-screenshot-5.png" width="800px"&gt;&lt;/a&gt;</msg>
<doc>Takes a screenshot of the current page and embeds it into a log file.</doc>
<status status="PASS" start="2025-05-19T21:36:57.363512" elapsed="0.119866"/>
</kw>
<kw name="Sleep" owner="BuiltIn">
<msg time="2025-05-19T21:37:07.495097" level="INFO">Slept 10 seconds.</msg>
<arg>10s</arg>
<doc>Pauses the test executed for the given time.</doc>
<status status="PASS" start="2025-05-19T21:36:57.483378" elapsed="10.011719"/>
</kw>
<status status="PASS" start="2025-05-19T21:36:52.280674" elapsed="15.214423"/>
</kw>
<status status="PASS" start="2025-05-19T21:36:22.460387" elapsed="45.035895"/>
</test>
<status status="PASS" start="2025-05-19T21:36:22.141581" elapsed="45.354701"/>
</suite>
<statistics>
<total>
<stat pass="1" fail="0" skip="0">All Tests</stat>
</total>
<tag>
</tag>
<suite>
<stat pass="1" fail="0" skip="0" id="s1" name="Login-Test">Login-Test</stat>
</suite>
</statistics>
<errors>
<msg time="2025-05-19T21:36:22.131654" level="WARN">Error in file 'C:\BP-WEB\tests\login-test.robot' on line 1: Singular section headers like '***Setting***' are deprecated. Use plural format like '*** Settings ***' instead.</msg>
<msg time="2025-05-19T21:36:22.441374" level="WARN">Error in file 'C:\BP-WEB\Resources\Login-keywords.robot' on line 1: Singular section headers like '***Setting***' are deprecated. Use plural format like '*** Settings ***' instead.</msg>
</errors>
</robot>
