<?xml version="1.0" encoding="UTF-8"?>
<robot generator="Robot 4.1.2 (Python 3.10.0 on win32)" generated="20250526 22:01:54.483" rpa="false" schemaversion="2">
<suite id="s1" name="Tests" source="C:\GLOBAL_HITSS\Prj-automacao-teste_01\tests">
<suite id="s1-s1" name="Google" source="C:\GLOBAL_HITSS\Prj-automacao-teste_01\tests\google.robot">
<test id="s1-s1-t1" name="CT-1: Logar com sucesso no GOOGLE">
<kw name="DADO que usuario que acessa o site do GOOGLE" library="google-resource">
<kw name="Open Browser" library="SeleniumLibrary">
<arg>${site_google}</arg>
<doc>Opens a new browser instance to the optional ``url``.</doc>
<msg timestamp="20250526 22:01:55.008" level="INFO">Opening browser 'firefox' to base url 'https://google.com.br'.</msg>
<msg timestamp="20250526 22:01:55.011" level="INFO">Firefox driver log is always forced to to: C:\GLOBAL_HITSS\Prj-automacao-teste_01\reports\geckodriver-2.log</msg>
<msg timestamp="20250526 22:01:55.097" level="INFO">Cannot capture screenshot because no browser is open.</msg>
<msg timestamp="20250526 22:01:55.103" level="FAIL">WebDriverException: Message: 'geckodriver' executable needs to be in PATH. 
</msg>
<status status="FAIL" starttime="20250526 22:01:55.008" endtime="20250526 22:01:55.103"/>
</kw>
<kw name="Maximize Browser Window" library="SeleniumLibrary">
<doc>Maximizes current browser window.</doc>
<status status="NOT RUN" starttime="20250526 22:01:55.104" endtime="20250526 22:01:55.104"/>
</kw>
<kw name="Sleep" library="BuiltIn">
<arg>5s</arg>
<doc>Pauses the test executed for the given time.</doc>
<status status="NOT RUN" starttime="20250526 22:01:55.104" endtime="20250526 22:01:55.104"/>
</kw>
<status status="FAIL" starttime="20250526 22:01:55.007" endtime="20250526 22:01:55.105"/>
</kw>
<status status="FAIL" starttime="20250526 22:01:54.995" endtime="20250526 22:01:55.106">WebDriverException: Message: 'geckodriver' executable needs to be in PATH. 
</status>
</test>
<status status="FAIL" starttime="20250526 22:01:54.517" endtime="20250526 22:01:55.109"/>
</suite>
<suite id="s1-s2" name="Login-Test" source="C:\GLOBAL_HITSS\Prj-automacao-teste_01\tests\login-test.robot">
<test id="s1-s2-t1" name="CT-1: Logar com sucesso no HOT">
<kw name="DADO que usuario que acessa o site do HOT" library="Login-resource">
<kw name="Open Browser" library="SeleniumLibrary">
<arg>${site_test}</arg>
<arg>Chrome</arg>
<doc>Opens a new browser instance to the optional ``url``.</doc>
<msg timestamp="20250526 22:01:55.138" level="INFO">Opening browser 'Chrome' to base url 'https://hotcorphml.globalhitss.com.br/login/'.</msg>
<msg timestamp="20250526 22:01:59.812" level="INFO">Cannot capture screenshot because no browser is open.</msg>
<msg timestamp="20250526 22:01:59.812" level="FAIL">SessionNotCreatedException: Message: session not created: This version of ChromeDriver only supports Chrome version 110
Current browser version is 136.0.7103.114 with binary path C:\Program Files (x86)\Google\Chrome\Application\chrome.exe
Stacktrace:
Backtrace:
	(No symbol) [0x008F37D3]
	(No symbol) [0x00888B81]
	(No symbol) [0x0078B36D]
	(No symbol) [0x007AED6D]
	(No symbol) [0x007A9B90]
	(No symbol) [0x007A6FC9]
	(No symbol) [0x007E1ED5]
	(No symbol) [0x007E1B2C]
	(No symbol) [0x007DB216]
	(No symbol) [0x007B0D97]
	(No symbol) [0x007B253D]
	GetHandleVerifier [0x00B6ABF2+2510930]
	GetHandleVerifier [0x00B98EC1+2700065]
	GetHandleVerifier [0x00B9C86C+2714828]
	GetHandleVerifier [0x009A3480+645344]
	(No symbol) [0x00890FD2]
	(No symbol) [0x00896C68]
	(No symbol) [0x00896D4B]
	(No symbol) [0x008A0D6B]
	BaseThreadInitThunk [0x76CBFCC9+25]
	RtlGetAppContainerNamedObjectPath [0x77DF82AE+286]
	RtlGetAppContainerNamedObjectPath [0x77DF827E+238]
</msg>
<status status="FAIL" starttime="20250526 22:01:55.138" endtime="20250526 22:01:59.812"/>
</kw>
<status status="FAIL" starttime="20250526 22:01:55.137" endtime="20250526 22:01:59.812"/>
</kw>
<kw name="QUANDO informa email válido" library="Login-resource">
<status status="NOT RUN" starttime="20250526 22:01:59.812" endtime="20250526 22:01:59.812"/>
</kw>
<kw name="E informa senha válida" library="Login-resource">
<status status="NOT RUN" starttime="20250526 22:01:59.820" endtime="20250526 22:01:59.820"/>
</kw>
<kw name="E clica na funcionalidade Entrar" library="Login-resource">
<status status="NOT RUN" starttime="20250526 22:01:59.820" endtime="20250526 22:01:59.820"/>
</kw>
<status status="FAIL" starttime="20250526 22:01:55.136" endtime="20250526 22:01:59.821">SessionNotCreatedException: Message: session not created: This version of ChromeDriver only supports Chrome version 110
Current browser version is 136.0.7103.114 with binary path C:\Program Files (x86)\Google\Chrome\Application\chrome.exe
Stacktrace:
Backtrace:
	(No symbol) [0x008F37D3]
	(No symbol) [0x00888B81]
	(No symbol) [0x0078B36D]
	(No symbol) [0x007AED6D]
	(No symbol) [0x007A9B90]
	(No symbol) [0x007A6FC9]
	(No symbol) [0x007E1ED5]
	(No symbol) [0x007E1B2C]
	(No symbol) [0x007DB216]
	(No symbol) [0x007B0D97]
	(No symbol) [0x007B253D]
	GetHandleVerifier [0x00B6ABF2+2510930]
	GetHandleVerifier [0x00B98EC1+2700065]
	GetHandleVerifier [0x00B9C86C+2714828]
	GetHandleVerifier [0x009A3480+645344]
	(No symbol) [0x00890FD2]
	(No symbol) [0x00896C68]
	(No symbol) [0x00896D4B]
	(No symbol) [0x008A0D6B]
	BaseThreadInitThunk [0x76CBFCC9+25]
	RtlGetAppContainerNamedObjectPath [0x77DF82AE+286]
	RtlGetAppContainerNamedObjectPath [0x77DF827E+238]
</status>
</test>
<status status="FAIL" starttime="20250526 22:01:55.113" endtime="20250526 22:01:59.829"/>
</suite>
<status status="FAIL" starttime="20250526 22:01:54.486" endtime="20250526 22:01:59.835"/>
</suite>
<statistics>
<total>
<stat pass="0" fail="2" skip="0">All Tests</stat>
</total>
<tag>
</tag>
<suite>
<stat pass="0" fail="2" skip="0" id="s1" name="Tests">Tests</stat>
<stat pass="0" fail="1" skip="0" id="s1-s1" name="Google">Tests.Google</stat>
<stat pass="0" fail="1" skip="0" id="s1-s2" name="Login-Test">Tests.Login-Test</stat>
</suite>
</statistics>
<errors>
</errors>
</robot>
