<?xml version="1.0" encoding="UTF-8"?>
<robot generator="Robot 7.2.2 (Python 3.12.7 on win32)" generated="2025-05-25T01:33:16.063740" rpa="false" schemaversion="5">
<suite id="s1" name="Google" source="C:\BP-WEB\tests\google.robot">
<test id="s1-t1" name="CT-1: Logar com sucesso no GOOGLE" line="9">
<kw name="DADO que usuario que acessa o site do GOOGLE" owner="google-resource">
<kw name="Open Browser" owner="SeleniumLibrary">
<msg time="2025-05-25T01:33:16.566339" level="INFO">Opening browser 'Chrome' to base url 'https://google.com.br'.</msg>
<arg>${site_google}</arg>
<arg>Chrome</arg>
<doc>Opens a new browser instance to the optional ``url``.</doc>
<status status="PASS" start="2025-05-25T01:33:16.566339" elapsed="4.127378"/>
</kw>
<kw name="Maximize Browser Window" owner="SeleniumLibrary">
<doc>Maximizes current browser window.</doc>
<status status="PASS" start="2025-05-25T01:33:20.693717" elapsed="0.040847"/>
</kw>
<kw name="Sleep" owner="BuiltIn">
<msg time="2025-05-25T01:33:25.735081" level="INFO">Slept 5 seconds.</msg>
<arg>5s</arg>
<doc>Pauses the test executed for the given time.</doc>
<status status="PASS" start="2025-05-25T01:33:20.734564" elapsed="5.000517"/>
</kw>
<kw name="Capture Page Screenshot" owner="SeleniumLibrary">
<msg time="2025-05-25T01:33:25.866339" level="INFO" html="true">&lt;/td&gt;&lt;/tr&gt;&lt;tr&gt;&lt;td colspan="3"&gt;&lt;a href="selenium-screenshot-1.png"&gt;&lt;img src="selenium-screenshot-1.png" width="800px"&gt;&lt;/a&gt;</msg>
<doc>Takes a screenshot of the current page and embeds it into a log file.</doc>
<status status="PASS" start="2025-05-25T01:33:25.735081" elapsed="0.131948"/>
</kw>
<status status="PASS" start="2025-05-25T01:33:16.566339" elapsed="9.300690"/>
</kw>
<status status="PASS" start="2025-05-25T01:33:16.566339" elapsed="9.300690"/>
</test>
<status status="PASS" start="2025-05-25T01:33:16.063740" elapsed="9.803289"/>
</suite>
<statistics>
<total>
<stat pass="1" fail="0" skip="0">All Tests</stat>
</total>
<tag>
</tag>
<suite>
<stat name="Google" id="s1" pass="1" fail="0" skip="0">Google</stat>
</suite>
</statistics>
<errors>
<msg time="2025-05-25T01:33:16.063740" level="WARN">Error in file 'C:\BP-WEB\tests\google.robot' on line 1: Singular section headers like '***Setting***' are deprecated. Use plural format like '*** Settings ***' instead.</msg>
<msg time="2025-05-25T01:33:16.566339" level="WARN">Error in file 'C:\BP-WEB\Resources\google-resource.robot' on line 1: Singular section headers like '***Setting***' are deprecated. Use plural format like '*** Settings ***' instead.</msg>
</errors>
</robot>
