<?xml version="1.0" encoding="UTF-8"?>
<robot generator="Robot 7.3 (Python 3.13.3 on win32)" generated="2025-06-07T02:04:40.520518" rpa="false" schemaversion="5">
<suite id="s1" name="Suite tests" source="C:\GLOBAL_HITSS\Prj-automacao-teste_01\Suite_tests">
<suite id="s1-s1" name="Compra" source="C:\GLOBAL_HITSS\Prj-automacao-teste_01\Suite_tests\compra.robot">
<test id="s1-s1-t1" name="Teste simples" line="16">
<kw name="Open Browser">
<msg time="2025-06-07T02:04:40.604427" level="FAIL">No keyword with name 'Open Browser' found.</msg>
<arg>${site_diverso}</arg>
<arg>Chrome</arg>
<status status="FAIL" start="2025-06-07T02:04:40.604317" elapsed="0.000221">No keyword with name 'Open Browser' found.</status>
</kw>
<kw name="Maximize Browser Window">
<status status="NOT RUN" start="2025-06-07T02:04:40.605052" elapsed="0.000055"/>
</kw>
<kw name="Sleep" owner="BuiltIn">
<arg>7s</arg>
<doc>Pauses the test executed for the given time.</doc>
<status status="NOT RUN" start="2025-06-07T02:04:40.606038" elapsed="0.000116"/>
</kw>
<kw name="Capture Page Screenshot">
<status status="NOT RUN" start="2025-06-07T02:04:40.608043" elapsed="0.000524"/>
</kw>
<kw name="Close Browser">
<status status="NOT RUN" start="2025-06-07T02:04:40.610094" elapsed="0.000072"/>
</kw>
<status status="FAIL" start="2025-06-07T02:04:40.599394" elapsed="0.011469">No keyword with name 'Open Browser' found.</status>
</test>
<status status="FAIL" start="2025-06-07T02:04:40.579809" elapsed="0.033261"/>
</suite>
<suite id="s1-s2" name="gerar demanda-HOT" source="C:\GLOBAL_HITSS\Prj-automacao-teste_01\Suite_tests\gerar_demanda-HOT.robot">
<test id="s1-s2-t1" name="CT-1: Logar com sucesso no HOT" line="15">
<kw name="Executar Suite de Testes de Login" owner="ExeLogin-resource">
<kw name="Open Browser">
<msg time="2025-06-07T02:04:40.648951" level="FAIL">No keyword with name 'Open Browser' found.</msg>
<arg>${site_hot}</arg>
<arg>Chrome</arg>
<status status="FAIL" start="2025-06-07T02:04:40.648902" elapsed="0.000119">No keyword with name 'Open Browser' found.</status>
</kw>
<kw name="Maximize Browser Window">
<status status="NOT RUN" start="2025-06-07T02:04:40.649201" elapsed="0.000029"/>
</kw>
<kw name="Wait Until Element Is Visible">
<arg>${field_email}</arg>
<status status="NOT RUN" start="2025-06-07T02:04:40.649356" elapsed="0.000027"/>
</kw>
<kw name="Click Element">
<arg>${field_email}</arg>
<status status="NOT RUN" start="2025-06-07T02:04:40.649511" elapsed="0.000025"/>
</kw>
<kw name="Input Text">
<arg>${field_email}</arg>
<arg>${email}</arg>
<status status="NOT RUN" start="2025-06-07T02:04:40.649654" elapsed="0.000024"/>
</kw>
<kw name="Sleep" owner="BuiltIn">
<arg>2s</arg>
<doc>Pauses the test executed for the given time.</doc>
<status status="NOT RUN" start="2025-06-07T02:04:40.649809" elapsed="0.000030"/>
</kw>
<kw name="Click Element">
<arg>${field_senha}</arg>
<status status="NOT RUN" start="2025-06-07T02:04:40.649972" elapsed="0.000025"/>
</kw>
<kw name="Input Text">
<arg>${field_senha}</arg>
<arg>${senha}</arg>
<status status="NOT RUN" start="2025-06-07T02:04:40.650111" elapsed="0.000023"/>
</kw>
<kw name="Capture Page Screenshot">
<status status="NOT RUN" start="2025-06-07T02:04:40.650257" elapsed="0.000024"/>
</kw>
<kw name="Wait Until Element Contains">
<arg>${button_entrar}</arg>
<arg>Entrar</arg>
<status status="NOT RUN" start="2025-06-07T02:04:40.650393" elapsed="0.000024"/>
</kw>
<kw name="Click Element">
<arg>${button_entrar}</arg>
<status status="NOT RUN" start="2025-06-07T02:04:40.650530" elapsed="0.000023"/>
</kw>
<kw name="Wait Until Element Contains">
<arg>${popup_aviso}</arg>
<arg>Aviso</arg>
<status status="NOT RUN" start="2025-06-07T02:04:40.650660" elapsed="0.000023"/>
</kw>
<kw name="Sleep" owner="BuiltIn">
<arg>3s</arg>
<doc>Pauses the test executed for the given time.</doc>
<status status="NOT RUN" start="2025-06-07T02:04:40.650795" elapsed="0.000027"/>
</kw>
<kw name="Capture Page Screenshot">
<status status="NOT RUN" start="2025-06-07T02:04:40.650937" elapsed="0.000023"/>
</kw>
<kw name="Click Button">
<arg>${aviso_ok}</arg>
<status status="NOT RUN" start="2025-06-07T02:04:40.651061" elapsed="0.000022"/>
</kw>
<kw name="Click Element">
<arg>${menus_hot}</arg>
<status status="NOT RUN" start="2025-06-07T02:04:40.651187" elapsed="0.000022"/>
</kw>
<kw name="Click Element">
<arg>${submenus_gestao_demanda}</arg>
<status status="NOT RUN" start="2025-06-07T02:04:40.651317" elapsed="0.000023"/>
</kw>
<kw name="click Element">
<arg>${submenus_listar_demanda}</arg>
<status status="NOT RUN" start="2025-06-07T02:04:40.651443" elapsed="0.000022"/>
</kw>
<kw name="Sleep" owner="BuiltIn">
<arg>3s</arg>
<doc>Pauses the test executed for the given time.</doc>
<status status="NOT RUN" start="2025-06-07T02:04:40.651563" elapsed="0.000024"/>
</kw>
<kw name="Capture Page Screenshot">
<status status="NOT RUN" start="2025-06-07T02:04:40.651705" elapsed="0.000022"/>
</kw>
<kw name="Input Text">
<arg>${busca_demanda}</arg>
<arg>${cod_demanda}</arg>
<status status="NOT RUN" start="2025-06-07T02:04:40.651834" elapsed="0.000023"/>
</kw>
<kw name="Sleep" owner="BuiltIn">
<arg>5s</arg>
<doc>Pauses the test executed for the given time.</doc>
<status status="NOT RUN" start="2025-06-07T02:04:40.651959" elapsed="0.000025"/>
</kw>
<kw name="Capture Page Screenshot">
<status status="NOT RUN" start="2025-06-07T02:04:40.652093" elapsed="0.000022"/>
</kw>
<kw name="Close Browser">
<status status="NOT RUN" start="2025-06-07T02:04:40.652212" elapsed="0.000021"/>
</kw>
<status status="FAIL" start="2025-06-07T02:04:40.647768" elapsed="0.004606">No keyword with name 'Open Browser' found.</status>
</kw>
<status status="FAIL" start="2025-06-07T02:04:40.646754" elapsed="0.005971">No keyword with name 'Open Browser' found.</status>
</test>
<status status="FAIL" start="2025-06-07T02:04:40.618184" elapsed="0.036586"/>
</suite>
<suite id="s1-s3" name="gerar registro-BPWEB" source="C:\GLOBAL_HITSS\Prj-automacao-teste_01\Suite_tests\gerar_registro-BPWEB.robot">
<test id="s1-s3-t1" name="CT-1: Logar com sucesso no HOT" line="15">
<kw name="DADO que usuario que acessa o site do HOT" owner="login-resource">
<kw name="Open Browser">
<msg time="2025-06-07T02:04:40.688175" level="FAIL">No keyword with name 'Open Browser' found.</msg>
<arg>${site_hot}</arg>
<arg>Chrome</arg>
<status status="FAIL" start="2025-06-07T02:04:40.688129" elapsed="0.000113">No keyword with name 'Open Browser' found.</status>
</kw>
<status status="FAIL" start="2025-06-07T02:04:40.686891" elapsed="0.001511">No keyword with name 'Open Browser' found.</status>
</kw>
<kw name="QUANDO informa email válido" owner="login-resource">
<status status="NOT RUN" start="2025-06-07T02:04:40.693731" elapsed="0.001049"/>
</kw>
<kw name="E informa senha válida" owner="login-resource">
<status status="NOT RUN" start="2025-06-07T02:04:40.695624" elapsed="0.000126"/>
</kw>
<kw name="E clica na funcionalidade Entrar" owner="login-resource">
<status status="NOT RUN" start="2025-06-07T02:04:40.696430" elapsed="0.000096"/>
</kw>
<status status="FAIL" start="2025-06-07T02:04:40.686043" elapsed="0.011096">No keyword with name 'Open Browser' found.</status>
</test>
<status status="FAIL" start="2025-06-07T02:04:40.661066" elapsed="0.038242"/>
</suite>
<suite id="s1-s4" name="Google" source="C:\GLOBAL_HITSS\Prj-automacao-teste_01\Suite_tests\google.robot">
<test id="s1-s4-t1" name="CT-1: Logar com sucesso no GOOGLE" line="17">
<kw name="DADO que usuario que acessa o site do GOOGLE" owner="google-resource">
<kw name="Open Browser">
<msg time="2025-06-07T02:04:40.724708" level="FAIL">No keyword with name 'Open Browser' found.</msg>
<arg>${site_google}</arg>
<arg>Chrome</arg>
<status status="FAIL" start="2025-06-07T02:04:40.724620" elapsed="0.000177">No keyword with name 'Open Browser' found.</status>
</kw>
<kw name="Maximize Browser Window">
<status status="NOT RUN" start="2025-06-07T02:04:40.725955" elapsed="0.000051"/>
</kw>
<kw name="Sleep" owner="BuiltIn">
<arg>5s</arg>
<doc>Pauses the test executed for the given time.</doc>
<status status="NOT RUN" start="2025-06-07T02:04:40.726186" elapsed="0.000101"/>
</kw>
<kw name="Capture Page Screenshot">
<status status="NOT RUN" start="2025-06-07T02:04:40.726855" elapsed="0.000052"/>
</kw>
<kw name="close Browser">
<status status="NOT RUN" start="2025-06-07T02:04:40.727106" elapsed="0.000039"/>
</kw>
<status status="FAIL" start="2025-06-07T02:04:40.721256" elapsed="0.006094">No keyword with name 'Open Browser' found.</status>
</kw>
<status status="FAIL" start="2025-06-07T02:04:40.720387" elapsed="0.007476">No keyword with name 'Open Browser' found.</status>
</test>
<status status="FAIL" start="2025-06-07T02:04:40.701455" elapsed="0.028321"/>
</suite>
<status status="FAIL" start="2025-06-07T02:04:40.524534" elapsed="0.207579"/>
</suite>
<statistics>
<total>
<stat pass="0" fail="4" skip="0">All Tests</stat>
</total>
<tag>
</tag>
<suite>
<stat name="Suite tests" id="s1" pass="0" fail="4" skip="0">Suite tests</stat>
<stat name="Compra" id="s1-s1" pass="0" fail="1" skip="0">Suite tests.Compra</stat>
<stat name="gerar demanda-HOT" id="s1-s2" pass="0" fail="1" skip="0">Suite tests.gerar demanda-HOT</stat>
<stat name="gerar registro-BPWEB" id="s1-s3" pass="0" fail="1" skip="0">Suite tests.gerar registro-BPWEB</stat>
<stat name="Google" id="s1-s4" pass="0" fail="1" skip="0">Suite tests.Google</stat>
</suite>
</statistics>
<errors>
<msg time="2025-06-07T02:04:40.594349" level="ERROR">Error in file 'C:\GLOBAL_HITSS\Prj-automacao-teste_01\Resources\Libraries\Libraries-file_resources.robot' on line 5: Importing library 'SeleniumLibrary' failed: ModuleNotFoundError: No module named 'SeleniumLibrary'
Traceback (most recent call last):
  None
PYTHONPATH:
  C:\Users\Ambiente de Estudo\AppData\Local\Programs\Python\Python313\Scripts\robot.exe
  C:\Users\Ambiente de Estudo\AppData\Local\Programs\Python\Python313\python313.zip
  C:\Users\Ambiente de Estudo\AppData\Local\Programs\Python\Python313\DLLs
  C:\Users\Ambiente de Estudo\AppData\Local\Programs\Python\Python313\Lib
  C:\Users\Ambiente de Estudo\AppData\Local\Programs\Python\Python313
  C:\Users\Ambiente de Estudo\AppData\Local\Programs\Python\Python313\Lib\site-packages</msg>
<msg time="2025-06-07T02:04:40.644077" level="ERROR">Error in file 'C:\GLOBAL_HITSS\Prj-automacao-teste_01\Resources\Libraries\Libraries-file_resources.robot' on line 5: Importing library 'SeleniumLibrary' failed: ModuleNotFoundError: No module named 'SeleniumLibrary'
Traceback (most recent call last):
  None
PYTHONPATH:
  C:\Users\Ambiente de Estudo\AppData\Local\Programs\Python\Python313\Scripts\robot.exe
  C:\Users\Ambiente de Estudo\AppData\Local\Programs\Python\Python313\python313.zip
  C:\Users\Ambiente de Estudo\AppData\Local\Programs\Python\Python313\DLLs
  C:\Users\Ambiente de Estudo\AppData\Local\Programs\Python\Python313\Lib
  C:\Users\Ambiente de Estudo\AppData\Local\Programs\Python\Python313
  C:\Users\Ambiente de Estudo\AppData\Local\Programs\Python\Python313\Lib\site-packages</msg>
<msg time="2025-06-07T02:04:40.681467" level="ERROR">Error in file 'C:\GLOBAL_HITSS\Prj-automacao-teste_01\Resources\Libraries\Libraries-file_resources.robot' on line 5: Importing library 'SeleniumLibrary' failed: ModuleNotFoundError: No module named 'SeleniumLibrary'
Traceback (most recent call last):
  None
PYTHONPATH:
  C:\Users\Ambiente de Estudo\AppData\Local\Programs\Python\Python313\Scripts\robot.exe
  C:\Users\Ambiente de Estudo\AppData\Local\Programs\Python\Python313\python313.zip
  C:\Users\Ambiente de Estudo\AppData\Local\Programs\Python\Python313\DLLs
  C:\Users\Ambiente de Estudo\AppData\Local\Programs\Python\Python313\Lib
  C:\Users\Ambiente de Estudo\AppData\Local\Programs\Python\Python313
  C:\Users\Ambiente de Estudo\AppData\Local\Programs\Python\Python313\Lib\site-packages</msg>
<msg time="2025-06-07T02:04:40.715830" level="ERROR">Error in file 'C:\GLOBAL_HITSS\Prj-automacao-teste_01\Resources\Libraries\Libraries-file_resources.robot' on line 5: Importing library 'SeleniumLibrary' failed: ModuleNotFoundError: No module named 'SeleniumLibrary'
Traceback (most recent call last):
  None
PYTHONPATH:
  C:\Users\Ambiente de Estudo\AppData\Local\Programs\Python\Python313\Scripts\robot.exe
  C:\Users\Ambiente de Estudo\AppData\Local\Programs\Python\Python313\python313.zip
  C:\Users\Ambiente de Estudo\AppData\Local\Programs\Python\Python313\DLLs
  C:\Users\Ambiente de Estudo\AppData\Local\Programs\Python\Python313\Lib
  C:\Users\Ambiente de Estudo\AppData\Local\Programs\Python\Python313
  C:\Users\Ambiente de Estudo\AppData\Local\Programs\Python\Python313\Lib\site-packages</msg>
</errors>
</robot>
