<?xml version="1.0" encoding="UTF-8"?>
<robot generator="Robot 7.2.2 (Python 3.12.7 on win32)" generated="2025-05-24T23:32:49.813907" rpa="false" schemaversion="5">
<suite id="s1" name="Tests" source="C:\BP-WEB\tests">
<suite id="s1-s1" name="Google" source="C:\BP-WEB\tests\google.robot">
<test id="s1-s1-t1" name="CT-1: Logar com sucesso no GOOGLE" line="9">
<kw name="DADO que usuario que acessa o site do GOOGLE" owner="google-resource">
<kw name="Open Browser" owner="SeleniumLibrary">
<msg time="2025-05-24T23:32:50.268398" level="INFO">Opening browser 'Chrome' to base url 'https://google.com.br'.</msg>
<arg>${site_google}</arg>
<arg>Chrome</arg>
<doc>Opens a new browser instance to the optional ``url``.</doc>
<status status="PASS" start="2025-05-24T23:32:50.268398" elapsed="13.485095"/>
</kw>
<kw name="Sleep" owner="BuiltIn">
<msg time="2025-05-24T23:33:53.753992" level="INFO">Slept 50 seconds.</msg>
<arg>50s</arg>
<doc>Pauses the test executed for the given time.</doc>
<status status="PASS" start="2025-05-24T23:33:03.753493" elapsed="50.000499"/>
</kw>
<kw name="Capture Page Screenshot" owner="SeleniumLibrary">
<msg time="2025-05-24T23:33:53.834749" level="INFO" html="true">&lt;/td&gt;&lt;/tr&gt;&lt;tr&gt;&lt;td colspan="3"&gt;&lt;a href="selenium-screenshot-1.png"&gt;&lt;img src="selenium-screenshot-1.png" width="800px"&gt;&lt;/a&gt;</msg>
<doc>Takes a screenshot of the current page and embeds it into a log file.</doc>
<status status="PASS" start="2025-05-24T23:33:53.753992" elapsed="0.080757"/>
</kw>
<status status="PASS" start="2025-05-24T23:32:50.268398" elapsed="63.566351"/>
</kw>
<status status="PASS" start="2025-05-24T23:32:50.268398" elapsed="63.566351"/>
</test>
<status status="PASS" start="2025-05-24T23:32:49.860398" elapsed="63.974351"/>
</suite>
<suite id="s1-s2" name="Login-test" source="C:\BP-WEB\tests\Login-test.robot">
<test id="s1-s2-t1" name="CT-1: Logar com sucesso no HOT" line="9">
<kw name="DADO que usuario que acessa o site do HOT" owner="Login-resource">
<kw name="Open Browser" owner="SeleniumLibrary">
<msg time="2025-05-24T23:33:53.853560" level="INFO">Opening browser 'Chrome' to base url 'https://hotcorphml.globalhitss.com.br/login/'.</msg>
<arg>${site_test}</arg>
<arg>Chrome</arg>
<doc>Opens a new browser instance to the optional ``url``.</doc>
<status status="PASS" start="2025-05-24T23:33:53.853560" elapsed="2.006074"/>
</kw>
<status status="PASS" start="2025-05-24T23:33:53.852552" elapsed="2.007082"/>
</kw>
<kw name="QUANDO informa email válido" owner="Login-resource">
<kw name="Click Element" owner="SeleniumLibrary">
<msg time="2025-05-24T23:33:55.865439" level="INFO">Clicking element 'name:username'.</msg>
<msg time="2025-05-24T23:33:59.145824" level="INFO" html="true">&lt;/td&gt;&lt;/tr&gt;&lt;tr&gt;&lt;td colspan="3"&gt;&lt;a href="selenium-screenshot-2.png"&gt;&lt;img src="selenium-screenshot-2.png" width="800px"&gt;&lt;/a&gt;</msg>
<msg time="2025-05-24T23:33:59.145824" level="FAIL">Element with locator 'name:username' not found.</msg>
<arg>${field_email}</arg>
<doc>Click the element identified by ``locator``.</doc>
<status status="FAIL" start="2025-05-24T23:33:55.863889" elapsed="3.281935">Element with locator 'name:username' not found.</status>
</kw>
<kw name="Input Text" owner="SeleniumLibrary">
<arg>${field_email}</arg>
<arg>${email}</arg>
<doc>Types the given ``text`` into the text field identified by ``locator``.</doc>
<status status="NOT RUN" start="2025-05-24T23:33:59.145824" elapsed="0.000000"/>
</kw>
<kw name="Sleep" owner="BuiltIn">
<arg>10s</arg>
<doc>Pauses the test executed for the given time.</doc>
<status status="NOT RUN" start="2025-05-24T23:33:59.145824" elapsed="0.000000"/>
</kw>
<status status="FAIL" start="2025-05-24T23:33:55.860641" elapsed="3.294933">Element with locator 'name:username' not found.</status>
</kw>
<kw name="E informa senha válida" owner="Login-resource">
<status status="NOT RUN" start="2025-05-24T23:33:59.155574" elapsed="0.000000"/>
</kw>
<kw name="E clica na funcionalidade Entrar" owner="Login-resource">
<status status="NOT RUN" start="2025-05-24T23:33:59.155574" elapsed="0.000000"/>
</kw>
<status status="FAIL" start="2025-05-24T23:33:53.852552" elapsed="5.303022">Element with locator 'name:username' not found.</status>
</test>
<status status="FAIL" start="2025-05-24T23:33:53.834749" elapsed="5.320825"/>
</suite>
<status status="FAIL" start="2025-05-24T23:32:49.832804" elapsed="69.322770"/>
</suite>
<statistics>
<total>
<stat pass="1" fail="1" skip="0">All Tests</stat>
</total>
<tag>
</tag>
<suite>
<stat name="Tests" id="s1" pass="1" fail="1" skip="0">Tests</stat>
<stat name="Google" id="s1-s1" pass="1" fail="0" skip="0">Tests.Google</stat>
<stat name="Login-test" id="s1-s2" pass="0" fail="1" skip="0">Tests.Login-test</stat>
</suite>
</statistics>
<errors>
<msg time="2025-05-24T23:32:49.813907" level="WARN">Error in file 'C:\BP-WEB\tests\google.robot' on line 1: Singular section headers like '***Setting***' are deprecated. Use plural format like '*** Settings ***' instead.</msg>
<msg time="2025-05-24T23:32:49.813907" level="WARN">Error in file 'C:\BP-WEB\tests\Login-test.robot' on line 1: Singular section headers like '***Setting***' are deprecated. Use plural format like '*** Settings ***' instead.</msg>
<msg time="2025-05-24T23:32:50.268398" level="WARN">Error in file 'C:\BP-WEB\Resources\google-resource.robot' on line 1: Singular section headers like '***Setting***' are deprecated. Use plural format like '*** Settings ***' instead.</msg>
<msg time="2025-05-24T23:33:53.848138" level="WARN">Error in file 'C:\BP-WEB\Resources\Login-resource.robot' on line 1: Singular section headers like '***Setting***' are deprecated. Use plural format like '*** Settings ***' instead.</msg>
</errors>
</robot>
