<?xml version="1.0" encoding="UTF-8"?>
<robot generator="Robot 7.2.2 (Python 3.10.0 on win32)" generated="2025-06-01T00:31:06.081729" rpa="false" schemaversion="5">
<suite id="s1" name="Google" source="C:\GLOBAL_HITSS\Prj-automacao-teste_01\suite_tests\google.robot">
<test id="s1-t1" name="CT-1: Logar com sucesso no GOOGLE" line="10">
<kw name="DADO que usuario que acessa o site do GOOGLE" owner="google-resource">
<kw name="Open Browser" owner="SeleniumLibrary">
<msg time="2025-06-01T00:31:06.807861" level="INFO">Opening browser 'Chrome' to base url 'https://google.com.br'.</msg>
<arg>${site_google}</arg>
<arg>Chrome</arg>
<doc>Opens a new browser instance to the optional ``url``.</doc>
<status status="PASS" start="2025-06-01T00:31:06.807861" elapsed="10.284140"/>
</kw>
<kw name="Maximize Browser Window" owner="SeleniumLibrary">
<doc>Maximizes current browser window.</doc>
<status status="PASS" start="2025-06-01T00:31:17.092999" elapsed="0.058534"/>
</kw>
<kw name="Sleep" owner="BuiltIn">
<msg time="2025-06-01T00:31:22.156192" level="INFO">Slept 5 seconds.</msg>
<arg>5s</arg>
<doc>Pauses the test executed for the given time.</doc>
<status status="PASS" start="2025-06-01T00:31:17.151533" elapsed="5.004659"/>
</kw>
<status status="PASS" start="2025-06-01T00:31:06.807861" elapsed="15.348331"/>
</kw>
<status status="PASS" start="2025-06-01T00:31:06.807861" elapsed="15.348331"/>
</test>
<status status="PASS" start="2025-06-01T00:31:06.097349" elapsed="16.058843"/>
</suite>
<statistics>
<total>
<stat pass="1" fail="0" skip="0">All Tests</stat>
</total>
<tag>
</tag>
<suite>
<stat name="Google" id="s1" pass="1" fail="0" skip="0">Google</stat>
</suite>
</statistics>
<errors>
</errors>
</robot>
