<?xml version="1.0" encoding="UTF-8"?>
<robot generator="Robot 7.2.2 (Python 3.12.7 on win32)" generated="2025-05-25T01:20:15.834772" rpa="false" schemaversion="5">
<suite id="s1" name="Login-test" source="C:\BP-WEB\tests\Login-test.robot">
<test id="s1-t1" name="CT-1: Logar com sucesso no HOT" line="9">
<kw name="DADO que usuario que acessa o site do HOT" owner="Login-resource">
<kw name="Open Browser" owner="SeleniumLibrary">
<msg time="2025-05-25T01:20:16.188874" level="INFO">Opening browser 'Chrome' to base url 'https://hotcorphml.globalhitss.com.br/login/'.</msg>
<arg>${site_test}</arg>
<arg>Chrome</arg>
<doc>Opens a new browser instance to the optional ``url``.</doc>
<status status="PASS" start="2025-05-25T01:20:16.188874" elapsed="7.267197"/>
</kw>
<status status="PASS" start="2025-05-25T01:20:16.188874" elapsed="7.267197"/>
</kw>
<kw name="QUANDO informa email válido" owner="Login-resource">
<kw name="Wait Until Element Is Visible" owner="SeleniumLibrary">
<arg>${field_email}</arg>
<doc>Waits until the element ``locator`` is visible.</doc>
<status status="PASS" start="2025-05-25T01:20:23.456071" elapsed="0.031219"/>
</kw>
<kw name="Click Element" owner="SeleniumLibrary">
<msg time="2025-05-25T01:20:23.487290" level="INFO">Clicking element 'name:username'.</msg>
<arg>${field_email}</arg>
<doc>Click the element identified by ``locator``.</doc>
<status status="PASS" start="2025-05-25T01:20:23.487290" elapsed="0.084422"/>
</kw>
<kw name="Input Text" owner="SeleniumLibrary">
<msg time="2025-05-25T01:20:23.571712" level="INFO">Typing text 'viviana.guimaraes@globalhitss.com.br' into text field 'name:username'.</msg>
<arg>${field_email}</arg>
<arg>${email}</arg>
<doc>Types the given ``text`` into the text field identified by ``locator``.</doc>
<status status="PASS" start="2025-05-25T01:20:23.571712" elapsed="0.151325"/>
</kw>
<kw name="Sleep" owner="BuiltIn">
<msg time="2025-05-25T01:20:33.723688" level="INFO">Slept 10 seconds.</msg>
<arg>10s</arg>
<doc>Pauses the test executed for the given time.</doc>
<status status="PASS" start="2025-05-25T01:20:23.723037" elapsed="10.000651"/>
</kw>
<status status="PASS" start="2025-05-25T01:20:23.456071" elapsed="10.267617"/>
</kw>
<kw name="E informa senha válida" owner="Login-resource">
<kw name="Click Element" owner="SeleniumLibrary">
<msg time="2025-05-25T01:20:33.723688" level="INFO">Clicking element 'name:password'.</msg>
<arg>${field_senha}</arg>
<doc>Click the element identified by ``locator``.</doc>
<status status="PASS" start="2025-05-25T01:20:33.723688" elapsed="0.129682"/>
</kw>
<kw name="Input Text" owner="SeleniumLibrary">
<msg time="2025-05-25T01:20:33.853480" level="INFO">Typing text 'Mudar@2025' into text field 'name:password'.</msg>
<arg>${field_senha}</arg>
<arg>${senha}</arg>
<doc>Types the given ``text`` into the text field identified by ``locator``.</doc>
<status status="PASS" start="2025-05-25T01:20:33.853480" elapsed="0.135844"/>
</kw>
<kw name="Capture Page Screenshot" owner="SeleniumLibrary">
<msg time="2025-05-25T01:20:34.188778" level="INFO" html="true">&lt;/td&gt;&lt;/tr&gt;&lt;tr&gt;&lt;td colspan="3"&gt;&lt;a href="selenium-screenshot-1.png"&gt;&lt;img src="selenium-screenshot-1.png" width="800px"&gt;&lt;/a&gt;</msg>
<doc>Takes a screenshot of the current page and embeds it into a log file.</doc>
<status status="PASS" start="2025-05-25T01:20:33.989324" elapsed="0.199454"/>
</kw>
<status status="PASS" start="2025-05-25T01:20:33.723688" elapsed="0.465090"/>
</kw>
<kw name="E clica na funcionalidade Entrar" owner="Login-resource">
<kw name="Wait Until Element Contains" owner="SeleniumLibrary">
<arg>${button_entrar}</arg>
<arg>Entrar</arg>
<doc>Waits until the element ``locator`` contains ``text``.</doc>
<status status="PASS" start="2025-05-25T01:20:34.188778" elapsed="0.042056"/>
</kw>
<kw name="Click Element" owner="SeleniumLibrary">
<msg time="2025-05-25T01:20:34.231951" level="INFO">Clicking element 'id:login_submit'.</msg>
<arg>${button_entrar}</arg>
<doc>Click the element identified by ``locator``.</doc>
<status status="PASS" start="2025-05-25T01:20:34.231951" elapsed="0.103582"/>
</kw>
<kw name="Wait Until Element Contains" owner="SeleniumLibrary">
<arg>${popup_aviso}</arg>
<arg>Aviso</arg>
<doc>Waits until the element ``locator`` contains ``text``.</doc>
<status status="PASS" start="2025-05-25T01:20:34.335533" elapsed="2.219495"/>
</kw>
<kw name="Sleep" owner="BuiltIn">
<msg time="2025-05-25T01:20:41.555191" level="INFO">Slept 5 seconds.</msg>
<arg>5s</arg>
<doc>Pauses the test executed for the given time.</doc>
<status status="PASS" start="2025-05-25T01:20:36.555028" elapsed="5.000163"/>
</kw>
<kw name="Capture Page Screenshot" owner="SeleniumLibrary">
<msg time="2025-05-25T01:20:41.668556" level="INFO" html="true">&lt;/td&gt;&lt;/tr&gt;&lt;tr&gt;&lt;td colspan="3"&gt;&lt;a href="selenium-screenshot-2.png"&gt;&lt;img src="selenium-screenshot-2.png" width="800px"&gt;&lt;/a&gt;</msg>
<doc>Takes a screenshot of the current page and embeds it into a log file.</doc>
<status status="PASS" start="2025-05-25T01:20:41.555191" elapsed="0.113365"/>
</kw>
<status status="PASS" start="2025-05-25T01:20:34.188778" elapsed="7.479778"/>
</kw>
<status status="PASS" start="2025-05-25T01:20:16.188874" elapsed="25.479682"/>
</test>
<status status="PASS" start="2025-05-25T01:20:15.850407" elapsed="25.830305"/>
</suite>
<statistics>
<total>
<stat pass="1" fail="0" skip="0">All Tests</stat>
</total>
<tag>
</tag>
<suite>
<stat name="Login-test" id="s1" pass="1" fail="0" skip="0">Login-test</stat>
</suite>
</statistics>
<errors>
<msg time="2025-05-25T01:20:15.834772" level="WARN">Error in file 'C:\BP-WEB\tests\Login-test.robot' on line 1: Singular section headers like '***Setting***' are deprecated. Use plural format like '*** Settings ***' instead.</msg>
<msg time="2025-05-25T01:20:16.184109" level="WARN">Error in file 'C:\BP-WEB\Resources\Login-resource.robot' on line 1: Singular section headers like '***Setting***' are deprecated. Use plural format like '*** Settings ***' instead.</msg>
</errors>
</robot>
