<?xml version="1.0" encoding="UTF-8"?>
<robot generator="Robot 7.2.2 (Python 3.12.7 on win32)" generated="2025-05-25T03:39:12.118549" rpa="false" schemaversion="5">
<suite id="s1" name="Tests" source="C:\BP-WEB\tests">
<suite id="s1-s1" name="Google" source="C:\BP-WEB\tests\google.robot">
<test id="s1-s1-t1" name="CT-1: Logar com sucesso no GOOGLE" line="9">
<kw name="DADO que usuario que acessa o site do GOOGLE" owner="google-resource">
<kw name="Open Browser" owner="SeleniumLibrary">
<msg time="2025-05-25T03:39:12.506531" level="INFO">Opening browser 'Chrome' to base url 'https://google.com.br'.</msg>
<arg>${site_google}</arg>
<arg>Chrome</arg>
<doc>Opens a new browser instance to the optional ``url``.</doc>
<status status="PASS" start="2025-05-25T03:39:12.506531" elapsed="6.623662"/>
</kw>
<kw name="Maximize Browser Window" owner="SeleniumLibrary">
<doc>Maximizes current browser window.</doc>
<status status="PASS" start="2025-05-25T03:39:19.130193" elapsed="0.032953"/>
</kw>
<kw name="Sleep" owner="BuiltIn">
<msg time="2025-05-25T03:39:24.163311" level="INFO">Slept 5 seconds.</msg>
<arg>5s</arg>
<doc>Pauses the test executed for the given time.</doc>
<status status="PASS" start="2025-05-25T03:39:19.163146" elapsed="5.000165"/>
</kw>
<status status="PASS" start="2025-05-25T03:39:12.506531" elapsed="11.657368"/>
</kw>
<status status="PASS" start="2025-05-25T03:39:12.506531" elapsed="11.657368"/>
</test>
<status status="PASS" start="2025-05-25T03:39:12.147579" elapsed="12.016320"/>
</suite>
<suite id="s1-s2" name="Login-test" source="C:\BP-WEB\tests\Login-test.robot">
<test id="s1-s2-t1" name="CT-1: Logar com sucesso no HOT" line="9">
<kw name="DADO que usuario que acessa o site do HOT" owner="Login-resource">
<kw name="Open Browser" owner="SeleniumLibrary">
<msg time="2025-05-25T03:39:24.197867" level="INFO">Opening browser 'Chrome' to base url 'https://hotcorphml.globalhitss.com.br/login/'.</msg>
<arg>${site_test}</arg>
<arg>Chrome</arg>
<doc>Opens a new browser instance to the optional ``url``.</doc>
<status status="PASS" start="2025-05-25T03:39:24.197867" elapsed="7.256437"/>
</kw>
<status status="PASS" start="2025-05-25T03:39:24.196839" elapsed="7.257465"/>
</kw>
<kw name="QUANDO informa email válido" owner="Login-resource">
<kw name="Wait Until Element Is Visible" owner="SeleniumLibrary">
<arg>${field_email}</arg>
<doc>Waits until the element ``locator`` is visible.</doc>
<status status="PASS" start="2025-05-25T03:39:31.454304" elapsed="0.039228"/>
</kw>
<kw name="Click Element" owner="SeleniumLibrary">
<msg time="2025-05-25T03:39:31.494679" level="INFO">Clicking element 'name:username'.</msg>
<arg>${field_email}</arg>
<doc>Click the element identified by ``locator``.</doc>
<status status="PASS" start="2025-05-25T03:39:31.494679" elapsed="0.123103"/>
</kw>
<kw name="Input Text" owner="SeleniumLibrary">
<msg time="2025-05-25T03:39:31.618438" level="INFO">Typing text 'viviana.guimaraes@globalhitss.com.br' into text field 'name:username'.</msg>
<arg>${field_email}</arg>
<arg>${email}</arg>
<doc>Types the given ``text`` into the text field identified by ``locator``.</doc>
<status status="PASS" start="2025-05-25T03:39:31.618438" elapsed="0.132186"/>
</kw>
<kw name="Sleep" owner="BuiltIn">
<msg time="2025-05-25T03:39:41.751243" level="INFO">Slept 10 seconds.</msg>
<arg>10s</arg>
<doc>Pauses the test executed for the given time.</doc>
<status status="PASS" start="2025-05-25T03:39:31.750624" elapsed="10.000619"/>
</kw>
<status status="PASS" start="2025-05-25T03:39:31.454304" elapsed="10.296939"/>
</kw>
<kw name="E informa senha válida" owner="Login-resource">
<kw name="Click Element" owner="SeleniumLibrary">
<msg time="2025-05-25T03:39:41.751243" level="INFO">Clicking element 'name:password'.</msg>
<arg>${field_senha}</arg>
<doc>Click the element identified by ``locator``.</doc>
<status status="PASS" start="2025-05-25T03:39:41.751243" elapsed="0.144241"/>
</kw>
<kw name="Input Text" owner="SeleniumLibrary">
<msg time="2025-05-25T03:39:41.895484" level="INFO">Typing text 'Mudar@2025' into text field 'name:password'.</msg>
<arg>${field_senha}</arg>
<arg>${senha}</arg>
<doc>Types the given ``text`` into the text field identified by ``locator``.</doc>
<status status="PASS" start="2025-05-25T03:39:41.895484" elapsed="0.132371"/>
</kw>
<kw name="Capture Page Screenshot" owner="SeleniumLibrary">
<msg time="2025-05-25T03:39:42.334071" level="INFO" html="true">&lt;/td&gt;&lt;/tr&gt;&lt;tr&gt;&lt;td colspan="3"&gt;&lt;a href="selenium-screenshot-4.png"&gt;&lt;img src="selenium-screenshot-4.png" width="800px"&gt;&lt;/a&gt;</msg>
<doc>Takes a screenshot of the current page and embeds it into a log file.</doc>
<status status="PASS" start="2025-05-25T03:39:42.027855" elapsed="0.306216"/>
</kw>
<status status="PASS" start="2025-05-25T03:39:41.751243" elapsed="0.582828"/>
</kw>
<kw name="E clica na funcionalidade Entrar" owner="Login-resource">
<kw name="Wait Until Element Contains" owner="SeleniumLibrary">
<arg>${button_entrar}</arg>
<arg>Entrar</arg>
<doc>Waits until the element ``locator`` contains ``text``.</doc>
<status status="PASS" start="2025-05-25T03:39:42.334071" elapsed="0.043879"/>
</kw>
<kw name="Click Element" owner="SeleniumLibrary">
<msg time="2025-05-25T03:39:42.377950" level="INFO">Clicking element 'id:login_submit'.</msg>
<arg>${button_entrar}</arg>
<doc>Click the element identified by ``locator``.</doc>
<status status="PASS" start="2025-05-25T03:39:42.377950" elapsed="0.164064"/>
</kw>
<kw name="Wait Until Element Contains" owner="SeleniumLibrary">
<msg time="2025-05-25T03:39:52.808259" level="INFO" html="true">&lt;/td&gt;&lt;/tr&gt;&lt;tr&gt;&lt;td colspan="3"&gt;&lt;a href="selenium-screenshot-5.png"&gt;&lt;img src="selenium-screenshot-5.png" width="800px"&gt;&lt;/a&gt;</msg>
<msg time="2025-05-25T03:39:52.808259" level="FAIL">Element 'id:ModalLabel1' did not get text 'Aviso' in 5 seconds.</msg>
<arg>${popup_aviso}</arg>
<arg>Aviso</arg>
<doc>Waits until the element ``locator`` contains ``text``.</doc>
<status status="FAIL" start="2025-05-25T03:39:42.542014" elapsed="10.266245">Element 'id:ModalLabel1' did not get text 'Aviso' in 5 seconds.</status>
</kw>
<kw name="Sleep" owner="BuiltIn">
<arg>5s</arg>
<doc>Pauses the test executed for the given time.</doc>
<status status="NOT RUN" start="2025-05-25T03:39:52.808259" elapsed="0.000000"/>
</kw>
<kw name="Capture Page Screenshot" owner="SeleniumLibrary">
<doc>Takes a screenshot of the current page and embeds it into a log file.</doc>
<status status="NOT RUN" start="2025-05-25T03:39:52.808259" elapsed="0.000000"/>
</kw>
<status status="FAIL" start="2025-05-25T03:39:42.334071" elapsed="10.474188">Element 'id:ModalLabel1' did not get text 'Aviso' in 5 seconds.</status>
</kw>
<status status="FAIL" start="2025-05-25T03:39:24.195462" elapsed="28.612797">Element 'id:ModalLabel1' did not get text 'Aviso' in 5 seconds.</status>
</test>
<status status="FAIL" start="2025-05-25T03:39:24.163899" elapsed="28.661229"/>
</suite>
<status status="FAIL" start="2025-05-25T03:39:12.119921" elapsed="40.705207"/>
</suite>
<statistics>
<total>
<stat pass="1" fail="1" skip="0">All Tests</stat>
</total>
<tag>
</tag>
<suite>
<stat name="Tests" id="s1" pass="1" fail="1" skip="0">Tests</stat>
<stat name="Google" id="s1-s1" pass="1" fail="0" skip="0">Tests.Google</stat>
<stat name="Login-test" id="s1-s2" pass="0" fail="1" skip="0">Tests.Login-test</stat>
</suite>
</statistics>
<errors>
<msg time="2025-05-25T03:39:12.102933" level="WARN">Error in file 'C:\BP-WEB\tests\google.robot' on line 1: Singular section headers like '***Setting***' are deprecated. Use plural format like '*** Settings ***' instead.</msg>
<msg time="2025-05-25T03:39:12.102933" level="WARN">Error in file 'C:\BP-WEB\tests\Login-test.robot' on line 1: Singular section headers like '***Setting***' are deprecated. Use plural format like '*** Settings ***' instead.</msg>
<msg time="2025-05-25T03:39:12.506531" level="WARN">Error in file 'C:\BP-WEB\Resources\google-resource.robot' on line 1: Singular section headers like '***Setting***' are deprecated. Use plural format like '*** Settings ***' instead.</msg>
<msg time="2025-05-25T03:39:24.184653" level="WARN">Error in file 'C:\BP-WEB\Resources\Login-resource.robot' on line 1: Singular section headers like '***Setting***' are deprecated. Use plural format like '*** Settings ***' instead.</msg>
</errors>
</robot>
