<?xml version="1.0" encoding="UTF-8"?>
<robot generator="Robot 7.3 (Python 3.13.3 on win32)" generated="2025-06-07T01:54:23.128658" rpa="false" schemaversion="5">
<suite id="s1" name="Suite tests" source="C:\GLOBAL_HITSS\Prj-automacao-teste_01\Suite_tests">
<suite id="s1-s1" name="Compra" source="C:\GLOBAL_HITSS\Prj-automacao-teste_01\Suite_tests\compra.robot">
<test id="s1-s1-t1" name="Teste simples" line="16">
<kw name="Open Browser">
<msg time="2025-06-07T01:54:23.248526" level="FAIL">No keyword with name 'Open Browser' found.</msg>
<arg>${site_diverso}</arg>
<arg>Chrome</arg>
<status status="FAIL" start="2025-06-07T01:54:23.248395" elapsed="0.000290">No keyword with name 'Open Browser' found.</status>
</kw>
<kw name="Maximize Browser Window">
<status status="NOT RUN" start="2025-06-07T01:54:23.249468" elapsed="0.000080"/>
</kw>
<kw name="Sleep" owner="BuiltIn">
<arg>7s</arg>
<doc>Pauses the test executed for the given time.</doc>
<status status="NOT RUN" start="2025-06-07T01:54:23.255237" elapsed="0.000095"/>
</kw>
<kw name="Capture Page Screenshot">
<status status="NOT RUN" start="2025-06-07T01:54:23.257954" elapsed="0.000059"/>
</kw>
<kw name="Close Browser">
<status status="NOT RUN" start="2025-06-07T01:54:23.258650" elapsed="0.000086"/>
</kw>
<status status="FAIL" start="2025-06-07T01:54:23.244275" elapsed="0.015172">No keyword with name 'Open Browser' found.</status>
</test>
<status status="FAIL" start="2025-06-07T01:54:23.231855" elapsed="0.030882"/>
</suite>
<suite id="s1-s2" name="gerar demanda-HOT" source="C:\GLOBAL_HITSS\Prj-automacao-teste_01\Suite_tests\gerar_demanda-HOT.robot">
<test id="s1-s2-t1" name="CT-1: Logar com sucesso no HOT" line="15">
<kw name="Executar Suite de Testes de Login" owner="ExeLogin-resource">
<kw name="Open Browser">
<msg time="2025-06-07T01:54:23.295631" level="FAIL">No keyword with name 'Open Browser' found.</msg>
<arg>${site_hot}</arg>
<arg>Chrome</arg>
<status status="FAIL" start="2025-06-07T01:54:23.295529" elapsed="0.000223">No keyword with name 'Open Browser' found.</status>
</kw>
<kw name="Maximize Browser Window">
<status status="NOT RUN" start="2025-06-07T01:54:23.296040" elapsed="0.000042"/>
</kw>
<kw name="Wait Until Element Is Visible">
<arg>${field_email}</arg>
<status status="NOT RUN" start="2025-06-07T01:54:23.296272" elapsed="0.000034"/>
</kw>
<kw name="Click Element">
<arg>${field_email}</arg>
<status status="NOT RUN" start="2025-06-07T01:54:23.296477" elapsed="0.000031"/>
</kw>
<kw name="Input Text">
<arg>${field_email}</arg>
<arg>${email}</arg>
<status status="NOT RUN" start="2025-06-07T01:54:23.296768" elapsed="0.000049"/>
</kw>
<kw name="Sleep" owner="BuiltIn">
<arg>2s</arg>
<doc>Pauses the test executed for the given time.</doc>
<status status="NOT RUN" start="2025-06-07T01:54:23.297006" elapsed="0.000038"/>
</kw>
<kw name="Click Element">
<arg>${field_senha}</arg>
<status status="NOT RUN" start="2025-06-07T01:54:23.297215" elapsed="0.000032"/>
</kw>
<kw name="Input Text">
<arg>${field_senha}</arg>
<arg>${senha}</arg>
<status status="NOT RUN" start="2025-06-07T01:54:23.297403" elapsed="0.000027"/>
</kw>
<kw name="Capture Page Screenshot">
<status status="NOT RUN" start="2025-06-07T01:54:23.297574" elapsed="0.000028"/>
</kw>
<kw name="Wait Until Element Contains">
<arg>${button_entrar}</arg>
<arg>Entrar</arg>
<status status="NOT RUN" start="2025-06-07T01:54:23.297726" elapsed="0.000026"/>
</kw>
<kw name="Click Element">
<arg>${button_entrar}</arg>
<status status="NOT RUN" start="2025-06-07T01:54:23.297901" elapsed="0.000027"/>
</kw>
<kw name="Wait Until Element Contains">
<arg>${popup_aviso}</arg>
<arg>Aviso</arg>
<status status="NOT RUN" start="2025-06-07T01:54:23.298060" elapsed="0.000026"/>
</kw>
<kw name="Sleep" owner="BuiltIn">
<arg>3s</arg>
<doc>Pauses the test executed for the given time.</doc>
<status status="NOT RUN" start="2025-06-07T01:54:23.298214" elapsed="0.000030"/>
</kw>
<kw name="Capture Page Screenshot">
<status status="NOT RUN" start="2025-06-07T01:54:23.298379" elapsed="0.000024"/>
</kw>
<kw name="Click Button">
<arg>${aviso_ok}</arg>
<status status="NOT RUN" start="2025-06-07T01:54:23.298506" elapsed="0.000022"/>
</kw>
<kw name="Click Element">
<arg>${menus_hot}</arg>
<status status="NOT RUN" start="2025-06-07T01:54:23.298632" elapsed="0.000023"/>
</kw>
<kw name="Click Element">
<arg>${submenus_gestao_demanda}</arg>
<status status="NOT RUN" start="2025-06-07T01:54:23.298770" elapsed="0.000026"/>
</kw>
<kw name="click Element">
<arg>${submenus_listar_demanda}</arg>
<status status="NOT RUN" start="2025-06-07T01:54:23.298921" elapsed="0.000025"/>
</kw>
<kw name="Sleep" owner="BuiltIn">
<arg>3s</arg>
<doc>Pauses the test executed for the given time.</doc>
<status status="NOT RUN" start="2025-06-07T01:54:23.299063" elapsed="0.000029"/>
</kw>
<kw name="Capture Page Screenshot">
<status status="NOT RUN" start="2025-06-07T01:54:23.299223" elapsed="0.000025"/>
</kw>
<kw name="Input Text">
<arg>${busca_demanda}</arg>
<arg>${cod_demanda}</arg>
<status status="NOT RUN" start="2025-06-07T01:54:23.299361" elapsed="0.000023"/>
</kw>
<kw name="Sleep" owner="BuiltIn">
<arg>5s</arg>
<doc>Pauses the test executed for the given time.</doc>
<status status="NOT RUN" start="2025-06-07T01:54:23.299489" elapsed="0.000026"/>
</kw>
<kw name="Capture Page Screenshot">
<status status="NOT RUN" start="2025-06-07T01:54:23.299628" elapsed="0.000022"/>
</kw>
<kw name="Close Browser">
<status status="NOT RUN" start="2025-06-07T01:54:23.299750" elapsed="0.000029"/>
</kw>
<status status="FAIL" start="2025-06-07T01:54:23.293233" elapsed="0.006717">No keyword with name 'Open Browser' found.</status>
</kw>
<status status="FAIL" start="2025-06-07T01:54:23.291935" elapsed="0.008419">No keyword with name 'Open Browser' found.</status>
</test>
<status status="FAIL" start="2025-06-07T01:54:23.273839" elapsed="0.031299"/>
</suite>
<suite id="s1-s3" name="gerar registro-BPWEB" source="C:\GLOBAL_HITSS\Prj-automacao-teste_01\Suite_tests\gerar_registro-BPWEB.robot">
<test id="s1-s3-t1" name="CT-1: Logar com sucesso no HOT" line="15">
<kw name="DADO que usuario que acessa o site do HOT" owner="login-resource">
<kw name="Open Browser">
<msg time="2025-06-07T01:54:23.330651" level="FAIL">No keyword with name 'Open Browser' found.</msg>
<arg>${site_hot}</arg>
<arg>Chrome</arg>
<status status="FAIL" start="2025-06-07T01:54:23.330611" elapsed="0.000099">No keyword with name 'Open Browser' found.</status>
</kw>
<status status="FAIL" start="2025-06-07T01:54:23.329527" elapsed="0.001341">No keyword with name 'Open Browser' found.</status>
</kw>
<kw name="QUANDO informa email válido" owner="login-resource">
<status status="NOT RUN" start="2025-06-07T01:54:23.331236" elapsed="0.000569"/>
</kw>
<kw name="E informa senha válida" owner="login-resource">
<status status="NOT RUN" start="2025-06-07T01:54:23.332123" elapsed="0.000041"/>
</kw>
<kw name="E clica na funcionalidade Entrar" owner="login-resource">
<status status="NOT RUN" start="2025-06-07T01:54:23.332464" elapsed="0.000039"/>
</kw>
<status status="FAIL" start="2025-06-07T01:54:23.328755" elapsed="0.004027">No keyword with name 'Open Browser' found.</status>
</test>
<status status="FAIL" start="2025-06-07T01:54:23.307562" elapsed="0.027062"/>
</suite>
<suite id="s1-s4" name="Google" source="C:\GLOBAL_HITSS\Prj-automacao-teste_01\Suite_tests\google.robot">
<test id="s1-s4-t1" name="CT-1: Logar com sucesso no GOOGLE" line="17">
<kw name="DADO que usuario que acessa o site do GOOGLE" owner="google-resource">
<kw name="Open Browser">
<msg time="2025-06-07T01:54:23.359814" level="FAIL">No keyword with name 'Open Browser' found.</msg>
<arg>${site_google}</arg>
<arg>Chrome</arg>
<status status="FAIL" start="2025-06-07T01:54:23.359766" elapsed="0.000112">No keyword with name 'Open Browser' found.</status>
</kw>
<kw name="Maximize Browser Window">
<status status="NOT RUN" start="2025-06-07T01:54:23.360055" elapsed="0.000030"/>
</kw>
<kw name="Sleep" owner="BuiltIn">
<arg>5s</arg>
<doc>Pauses the test executed for the given time.</doc>
<status status="NOT RUN" start="2025-06-07T01:54:23.360202" elapsed="0.000031"/>
</kw>
<kw name="Capture Page Screenshot">
<status status="NOT RUN" start="2025-06-07T01:54:23.360604" elapsed="0.000029"/>
</kw>
<kw name="close Browser">
<status status="NOT RUN" start="2025-06-07T01:54:23.360752" elapsed="0.000024"/>
</kw>
<status status="FAIL" start="2025-06-07T01:54:23.358700" elapsed="0.002204">No keyword with name 'Open Browser' found.</status>
</kw>
<status status="FAIL" start="2025-06-07T01:54:23.357798" elapsed="0.003456">No keyword with name 'Open Browser' found.</status>
</test>
<status status="FAIL" start="2025-06-07T01:54:23.339893" elapsed="0.023103"/>
</suite>
<status status="FAIL" start="2025-06-07T01:54:23.132568" elapsed="0.232335"/>
</suite>
<statistics>
<total>
<stat pass="0" fail="4" skip="0">All Tests</stat>
</total>
<tag>
</tag>
<suite>
<stat name="Suite tests" id="s1" pass="0" fail="4" skip="0">Suite tests</stat>
<stat name="Compra" id="s1-s1" pass="0" fail="1" skip="0">Suite tests.Compra</stat>
<stat name="gerar demanda-HOT" id="s1-s2" pass="0" fail="1" skip="0">Suite tests.gerar demanda-HOT</stat>
<stat name="gerar registro-BPWEB" id="s1-s3" pass="0" fail="1" skip="0">Suite tests.gerar registro-BPWEB</stat>
<stat name="Google" id="s1-s4" pass="0" fail="1" skip="0">Suite tests.Google</stat>
</suite>
</statistics>
<errors>
<msg time="2025-06-07T01:54:23.239269" level="ERROR">Error in file 'C:\GLOBAL_HITSS\Prj-automacao-teste_01\Resources\Libraries\Libraries-file_resources.robot' on line 5: Importing library 'SeleniumLibrary' failed: ModuleNotFoundError: No module named 'SeleniumLibrary'
Traceback (most recent call last):
  None
PYTHONPATH:
  C:\Users\Ambiente de Estudo\AppData\Local\Programs\Python\Python313\Scripts\robot.exe
  C:\Users\Ambiente de Estudo\AppData\Local\Programs\Python\Python313\python313.zip
  C:\Users\Ambiente de Estudo\AppData\Local\Programs\Python\Python313\DLLs
  C:\Users\Ambiente de Estudo\AppData\Local\Programs\Python\Python313\Lib
  C:\Users\Ambiente de Estudo\AppData\Local\Programs\Python\Python313
  C:\Users\Ambiente de Estudo\AppData\Local\Programs\Python\Python313\Lib\site-packages</msg>
<msg time="2025-06-07T01:54:23.288470" level="ERROR">Error in file 'C:\GLOBAL_HITSS\Prj-automacao-teste_01\Resources\Libraries\Libraries-file_resources.robot' on line 5: Importing library 'SeleniumLibrary' failed: ModuleNotFoundError: No module named 'SeleniumLibrary'
Traceback (most recent call last):
  None
PYTHONPATH:
  C:\Users\Ambiente de Estudo\AppData\Local\Programs\Python\Python313\Scripts\robot.exe
  C:\Users\Ambiente de Estudo\AppData\Local\Programs\Python\Python313\python313.zip
  C:\Users\Ambiente de Estudo\AppData\Local\Programs\Python\Python313\DLLs
  C:\Users\Ambiente de Estudo\AppData\Local\Programs\Python\Python313\Lib
  C:\Users\Ambiente de Estudo\AppData\Local\Programs\Python\Python313
  C:\Users\Ambiente de Estudo\AppData\Local\Programs\Python\Python313\Lib\site-packages</msg>
<msg time="2025-06-07T01:54:23.322524" level="ERROR">Error in file 'C:\GLOBAL_HITSS\Prj-automacao-teste_01\Resources\Libraries\Libraries-file_resources.robot' on line 5: Importing library 'SeleniumLibrary' failed: ModuleNotFoundError: No module named 'SeleniumLibrary'
Traceback (most recent call last):
  None
PYTHONPATH:
  C:\Users\Ambiente de Estudo\AppData\Local\Programs\Python\Python313\Scripts\robot.exe
  C:\Users\Ambiente de Estudo\AppData\Local\Programs\Python\Python313\python313.zip
  C:\Users\Ambiente de Estudo\AppData\Local\Programs\Python\Python313\DLLs
  C:\Users\Ambiente de Estudo\AppData\Local\Programs\Python\Python313\Lib
  C:\Users\Ambiente de Estudo\AppData\Local\Programs\Python\Python313
  C:\Users\Ambiente de Estudo\AppData\Local\Programs\Python\Python313\Lib\site-packages</msg>
<msg time="2025-06-07T01:54:23.350155" level="ERROR">Error in file 'C:\GLOBAL_HITSS\Prj-automacao-teste_01\Resources\Libraries\Libraries-file_resources.robot' on line 5: Importing library 'SeleniumLibrary' failed: ModuleNotFoundError: No module named 'SeleniumLibrary'
Traceback (most recent call last):
  None
PYTHONPATH:
  C:\Users\Ambiente de Estudo\AppData\Local\Programs\Python\Python313\Scripts\robot.exe
  C:\Users\Ambiente de Estudo\AppData\Local\Programs\Python\Python313\python313.zip
  C:\Users\Ambiente de Estudo\AppData\Local\Programs\Python\Python313\DLLs
  C:\Users\Ambiente de Estudo\AppData\Local\Programs\Python\Python313\Lib
  C:\Users\Ambiente de Estudo\AppData\Local\Programs\Python\Python313
  C:\Users\Ambiente de Estudo\AppData\Local\Programs\Python\Python313\Lib\site-packages</msg>
</errors>
</robot>
