<?xml version="1.0" encoding="UTF-8"?>
<robot generator="Robot 7.2.2 (Python 3.12.7 on win32)" generated="2025-05-25T01:33:28.788878" rpa="false" schemaversion="5">
<suite id="s1" name="Login-test" source="C:\BP-WEB\tests\Login-test.robot">
<test id="s1-t1" name="CT-1: Logar com sucesso no HOT" line="9">
<kw name="DADO que usuario que acessa o site do HOT" owner="Login-resource">
<kw name="Open Browser" owner="SeleniumLibrary">
<msg time="2025-05-25T01:33:29.155610" level="INFO">Opening browser 'Chrome' to base url 'https://hotcorphml.globalhitss.com.br/login/'.</msg>
<arg>${site_test}</arg>
<arg>Chrome</arg>
<doc>Opens a new browser instance to the optional ``url``.</doc>
<status status="PASS" start="2025-05-25T01:33:29.155610" elapsed="6.838537"/>
</kw>
<status status="PASS" start="2025-05-25T01:33:29.155610" elapsed="6.842705"/>
</kw>
<kw name="QUANDO informa email válido" owner="Login-resource">
<kw name="Wait Until Element Is Visible" owner="SeleniumLibrary">
<arg>${field_email}</arg>
<doc>Waits until the element ``locator`` is visible.</doc>
<status status="PASS" start="2025-05-25T01:33:36.000449" elapsed="0.031995"/>
</kw>
<kw name="Click Element" owner="SeleniumLibrary">
<msg time="2025-05-25T01:33:36.032444" level="INFO">Clicking element 'name:username'.</msg>
<arg>${field_email}</arg>
<doc>Click the element identified by ``locator``.</doc>
<status status="PASS" start="2025-05-25T01:33:36.032444" elapsed="0.100332"/>
</kw>
<kw name="Input Text" owner="SeleniumLibrary">
<msg time="2025-05-25T01:33:36.143672" level="INFO">Typing text 'viviana.guimaraes@globalhitss.com.br' into text field 'name:username'.</msg>
<arg>${field_email}</arg>
<arg>${email}</arg>
<doc>Types the given ``text`` into the text field identified by ``locator``.</doc>
<status status="PASS" start="2025-05-25T01:33:36.143672" elapsed="0.156072"/>
</kw>
<kw name="Sleep" owner="BuiltIn">
<msg time="2025-05-25T01:33:46.301264" level="INFO">Slept 10 seconds.</msg>
<arg>10s</arg>
<doc>Pauses the test executed for the given time.</doc>
<status status="PASS" start="2025-05-25T01:33:36.300769" elapsed="10.000495"/>
</kw>
<status status="PASS" start="2025-05-25T01:33:35.998849" elapsed="10.302415"/>
</kw>
<kw name="E informa senha válida" owner="Login-resource">
<kw name="Click Element" owner="SeleniumLibrary">
<msg time="2025-05-25T01:33:46.301264" level="INFO">Clicking element 'name:password'.</msg>
<arg>${field_senha}</arg>
<doc>Click the element identified by ``locator``.</doc>
<status status="PASS" start="2025-05-25T01:33:46.301264" elapsed="0.137306"/>
</kw>
<kw name="Input Text" owner="SeleniumLibrary">
<msg time="2025-05-25T01:33:46.438570" level="INFO">Typing text 'Mudar@2025' into text field 'name:password'.</msg>
<arg>${field_senha}</arg>
<arg>${senha}</arg>
<doc>Types the given ``text`` into the text field identified by ``locator``.</doc>
<status status="PASS" start="2025-05-25T01:33:46.438570" elapsed="0.110328"/>
</kw>
<kw name="Capture Page Screenshot" owner="SeleniumLibrary">
<msg time="2025-05-25T01:33:46.764182" level="INFO" html="true">&lt;/td&gt;&lt;/tr&gt;&lt;tr&gt;&lt;td colspan="3"&gt;&lt;a href="selenium-screenshot-1.png"&gt;&lt;img src="selenium-screenshot-1.png" width="800px"&gt;&lt;/a&gt;</msg>
<doc>Takes a screenshot of the current page and embeds it into a log file.</doc>
<status status="PASS" start="2025-05-25T01:33:46.548898" elapsed="0.215284"/>
</kw>
<status status="PASS" start="2025-05-25T01:33:46.301264" elapsed="0.462918"/>
</kw>
<kw name="E clica na funcionalidade Entrar" owner="Login-resource">
<kw name="Wait Until Element Contains" owner="SeleniumLibrary">
<arg>${button_entrar}</arg>
<arg>Entrar</arg>
<doc>Waits until the element ``locator`` contains ``text``.</doc>
<status status="PASS" start="2025-05-25T01:33:46.764182" elapsed="0.033867"/>
</kw>
<kw name="Click Element" owner="SeleniumLibrary">
<msg time="2025-05-25T01:33:46.798772" level="INFO">Clicking element 'id:login_submit'.</msg>
<arg>${button_entrar}</arg>
<doc>Click the element identified by ``locator``.</doc>
<status status="PASS" start="2025-05-25T01:33:46.798772" elapsed="3.238515"/>
</kw>
<kw name="Wait Until Element Contains" owner="SeleniumLibrary">
<arg>${popup_aviso}</arg>
<arg>Aviso</arg>
<doc>Waits until the element ``locator`` contains ``text``.</doc>
<status status="PASS" start="2025-05-25T01:33:50.037287" elapsed="0.259956"/>
</kw>
<kw name="Sleep" owner="BuiltIn">
<msg time="2025-05-25T01:33:55.298108" level="INFO">Slept 5 seconds.</msg>
<arg>5s</arg>
<doc>Pauses the test executed for the given time.</doc>
<status status="PASS" start="2025-05-25T01:33:50.297243" elapsed="5.000865"/>
</kw>
<kw name="Capture Page Screenshot" owner="SeleniumLibrary">
<msg time="2025-05-25T01:33:55.413763" level="INFO" html="true">&lt;/td&gt;&lt;/tr&gt;&lt;tr&gt;&lt;td colspan="3"&gt;&lt;a href="selenium-screenshot-2.png"&gt;&lt;img src="selenium-screenshot-2.png" width="800px"&gt;&lt;/a&gt;</msg>
<doc>Takes a screenshot of the current page and embeds it into a log file.</doc>
<status status="PASS" start="2025-05-25T01:33:55.298108" elapsed="0.115655"/>
</kw>
<status status="PASS" start="2025-05-25T01:33:46.764182" elapsed="8.649581"/>
</kw>
<status status="PASS" start="2025-05-25T01:33:29.155610" elapsed="26.258153"/>
</test>
<status status="PASS" start="2025-05-25T01:33:28.788878" elapsed="26.624885"/>
</suite>
<statistics>
<total>
<stat pass="1" fail="0" skip="0">All Tests</stat>
</total>
<tag>
</tag>
<suite>
<stat name="Login-test" id="s1" pass="1" fail="0" skip="0">Login-test</stat>
</suite>
</statistics>
<errors>
<msg time="2025-05-25T01:33:28.788878" level="WARN">Error in file 'C:\BP-WEB\tests\Login-test.robot' on line 1: Singular section headers like '***Setting***' are deprecated. Use plural format like '*** Settings ***' instead.</msg>
<msg time="2025-05-25T01:33:29.149984" level="WARN">Error in file 'C:\BP-WEB\Resources\Login-resource.robot' on line 1: Singular section headers like '***Setting***' are deprecated. Use plural format like '*** Settings ***' instead.</msg>
</errors>
</robot>
